{"level":"DEBUG","time":"2022-07-12T15:51:01.499+0800","caller":"bluebell/main.go:26","msg":"logger init success。。。"}
{"level":"DEBUG","time":"2022-07-12T16:39:36.492+0800","caller":"bluebell/main.go:26","msg":"logger init success。。。"}
{"level":"DEBUG","time":"2022-07-12T16:40:21.342+0800","caller":"bluebell/main.go:26","msg":"logger init success。。。"}
{"level":"ERROR","time":"2022-07-12T16:41:20.262+0800","caller":"controller/user.go:15","msg":"SignUp with invalid param","error":"invalid character '}' looking for beginning of object key string"}
{"level":"INFO","time":"2022-07-12T16:41:20.262+0800","caller":"logger/logger.go:72","msg":"/signup","status":200,"method":"POST","path":"/signup","query":"","ip":"::1","user-agent":"PostmanRuntime/7.29.0","errors":"","cost":0.0005264}
{"level":"INFO","time":"2022-07-12T16:41:28.663+0800","caller":"logger/logger.go:72","msg":"/signup","status":200,"method":"POST","path":"/signup","query":"","ip":"::1","user-agent":"PostmanRuntime/7.29.0","errors":"","cost":0.0010309}
{"level":"ERROR","time":"2022-07-12T16:41:37.115+0800","caller":"controller/user.go:15","msg":"SignUp with invalid param","error":"invalid character '}' looking for beginning of object key string"}
{"level":"INFO","time":"2022-07-12T16:41:37.116+0800","caller":"logger/logger.go:72","msg":"/signup","status":200,"method":"POST","path":"/signup","query":"","ip":"::1","user-agent":"PostmanRuntime/7.29.0","errors":"","cost":0.000928}
{"level":"ERROR","time":"2022-07-12T16:41:44.540+0800","caller":"controller/user.go:23","msg":"SignUp with invalid param"}
{"level":"INFO","time":"2022-07-12T16:41:44.541+0800","caller":"logger/logger.go:72","msg":"/signup","status":200,"method":"POST","path":"/signup","query":"","ip":"::1","user-agent":"PostmanRuntime/7.29.0","errors":"","cost":0.0005638}
{"level":"DEBUG","time":"2022-07-12T16:55:38.092+0800","caller":"bluebell/main.go:26","msg":"logger init success。。。"}
{"level":"ERROR","time":"2022-07-12T16:55:41.963+0800","caller":"controller/user.go:16","msg":"SignUp with invalid param","error":"Key: 'ParamSignUp.RePassword' Error:Field validation for 'RePassword' failed on the 'required' tag"}
{"level":"INFO","time":"2022-07-12T16:55:41.963+0800","caller":"logger/logger.go:72","msg":"/signup","status":200,"method":"POST","path":"/signup","query":"","ip":"::1","user-agent":"PostmanRuntime/7.29.0","errors":"","cost":0}
{"level":"ERROR","time":"2022-07-12T16:55:43.163+0800","caller":"controller/user.go:16","msg":"SignUp with invalid param","error":"Key: 'ParamSignUp.RePassword' Error:Field validation for 'RePassword' failed on the 'required' tag"}
{"level":"INFO","time":"2022-07-12T16:55:43.164+0800","caller":"logger/logger.go:72","msg":"/signup","status":200,"method":"POST","path":"/signup","query":"","ip":"::1","user-agent":"PostmanRuntime/7.29.0","errors":"","cost":0.0007451}
{"level":"ERROR","time":"2022-07-12T16:55:58.754+0800","caller":"controller/user.go:16","msg":"SignUp with invalid param","error":"Key: 'ParamSignUp.RePassword' Error:Field validation for 'RePassword' failed on the 'required' tag"}
{"level":"INFO","time":"2022-07-12T16:55:58.755+0800","caller":"logger/logger.go:72","msg":"/signup","status":200,"method":"POST","path":"/signup","query":"","ip":"::1","user-agent":"PostmanRuntime/7.29.0","errors":"","cost":0.0008161}
{"level":"ERROR","time":"2022-07-12T16:56:05.107+0800","caller":"controller/user.go:16","msg":"SignUp with invalid param","error":"Key: 'ParamSignUp.RePassword' Error:Field validation for 'RePassword' failed on the 'required' tag"}
{"level":"INFO","time":"2022-07-12T16:56:05.107+0800","caller":"logger/logger.go:72","msg":"/signup","status":200,"method":"POST","path":"/signup","query":"","ip":"::1","user-agent":"PostmanRuntime/7.29.0","errors":"","cost":0.0001723}
{"level":"INFO","time":"2022-07-12T16:56:12.879+0800","caller":"logger/logger.go:72","msg":"/signup","status":200,"method":"POST","path":"/signup","query":"","ip":"::1","user-agent":"PostmanRuntime/7.29.0","errors":"","cost":0}
{"level":"INFO","time":"2022-07-12T16:56:17.513+0800","caller":"logger/logger.go:72","msg":"/signup","status":200,"method":"POST","path":"/signup","query":"","ip":"::1","user-agent":"PostmanRuntime/7.29.0","errors":"","cost":0}
{"level":"INFO","time":"2022-07-12T16:56:19.964+0800","caller":"logger/logger.go:72","msg":"/signup","status":200,"method":"POST","path":"/signup","query":"","ip":"::1","user-agent":"PostmanRuntime/7.29.0","errors":"","cost":0}
{"level":"DEBUG","time":"2022-07-12T16:58:06.559+0800","caller":"bluebell/main.go:26","msg":"logger init success。。。"}
{"level":"ERROR","time":"2022-07-12T16:58:12.511+0800","caller":"controller/user.go:16","msg":"SignUp with invalid param","error":"Key: 'ParamSignUp.RePassword' Error:Field validation for 'RePassword' failed on the 'required' tag"}
{"level":"INFO","time":"2022-07-12T16:58:12.511+0800","caller":"logger/logger.go:72","msg":"/signup","status":200,"method":"POST","path":"/signup","query":"","ip":"::1","user-agent":"PostmanRuntime/7.29.0","errors":"","cost":0.0003457}
{"level":"DEBUG","time":"2022-07-13T09:38:03.306+0800","caller":"bluebell/main.go:27","msg":"logger init success。。。"}
{"level":"ERROR","time":"2022-07-13T09:38:46.822+0800","caller":"controller/user.go:17","msg":"SignUp with invalid param","error":"Key: 'ParamSignUp.RePassword' Error:Field validation for 'RePassword' failed on the 'required' tag"}
{"level":"INFO","time":"2022-07-13T09:38:46.822+0800","caller":"logger/logger.go:72","msg":"/signup","status":200,"method":"POST","path":"/signup","query":"","ip":"::1","user-agent":"PostmanRuntime/7.29.0","errors":"","cost":0.0005658}
{"level":"INFO","time":"2022-07-13T09:39:07.323+0800","caller":"logger/logger.go:72","msg":"/signup","status":200,"method":"POST","path":"/signup","query":"","ip":"::1","user-agent":"PostmanRuntime/7.29.0","errors":"","cost":0}
{"level":"DEBUG","time":"2022-07-13T09:39:45.361+0800","caller":"bluebell/main.go:27","msg":"logger init success。。。"}
{"level":"ERROR","time":"2022-07-13T09:39:47.696+0800","caller":"controller/user.go:17","msg":"SignUp with invalid param","error":"Key: 'ParamSignUp.RePassword' Error:Field validation for 'RePassword' failed on the 'required' tag"}
{"level":"INFO","time":"2022-07-13T09:39:47.696+0800","caller":"logger/logger.go:72","msg":"/signup","status":200,"method":"POST","path":"/signup","query":"","ip":"::1","user-agent":"PostmanRuntime/7.29.0","errors":"","cost":0.0005289}
{"level":"INFO","time":"2022-07-13T09:40:01.348+0800","caller":"logger/logger.go:72","msg":"/signup","status":200,"method":"POST","path":"/signup","query":"","ip":"::1","user-agent":"PostmanRuntime/7.29.0","errors":"","cost":0}
{"level":"ERROR","time":"2022-07-13T09:41:01.612+0800","caller":"controller/user.go:17","msg":"SignUp with invalid param","error":"Key: 'ParamSignUp.RePassword' Error:Field validation for 'RePassword' failed on the 'required' tag"}
{"level":"INFO","time":"2022-07-13T09:41:01.613+0800","caller":"logger/logger.go:72","msg":"/signup","status":200,"method":"POST","path":"/signup","query":"","ip":"::1","user-agent":"PostmanRuntime/7.29.0","errors":"","cost":0.0004098}
{"level":"DEBUG","time":"2022-07-13T09:44:28.831+0800","caller":"bluebell/main.go:27","msg":"logger init success。。。"}
{"level":"ERROR","time":"2022-07-13T09:44:31.929+0800","caller":"controller/user.go:17","msg":"SignUp with invalid param","error":"Key: 'ParamSignUp.re_Password' Error:Field validation for 're_Password' failed on the 'required' tag"}
{"level":"INFO","time":"2022-07-13T09:44:31.929+0800","caller":"logger/logger.go:72","msg":"/signup","status":200,"method":"POST","path":"/signup","query":"","ip":"::1","user-agent":"PostmanRuntime/7.29.0","errors":"","cost":0.0009015}
{"level":"DEBUG","time":"2022-07-13T09:50:25.663+0800","caller":"bluebell/main.go:27","msg":"logger init success。。。"}
{"level":"ERROR","time":"2022-07-13T09:50:29.555+0800","caller":"controller/user.go:17","msg":"SignUp with invalid param","error":"Key: 'ParamSignUp.re_Password' Error:Field validation for 're_Password' failed on the 'required' tag"}
{"level":"INFO","time":"2022-07-13T09:50:29.556+0800","caller":"logger/logger.go:72","msg":"/signup","status":200,"method":"POST","path":"/signup","query":"","ip":"::1","user-agent":"PostmanRuntime/7.29.0","errors":"","cost":0.0010635}
{"level":"ERROR","time":"2022-07-13T09:50:31.873+0800","caller":"controller/user.go:17","msg":"SignUp with invalid param","error":"Key: 'ParamSignUp.re_Password' Error:Field validation for 're_Password' failed on the 'required' tag"}
{"level":"INFO","time":"2022-07-13T09:50:31.873+0800","caller":"logger/logger.go:72","msg":"/signup","status":200,"method":"POST","path":"/signup","query":"","ip":"::1","user-agent":"PostmanRuntime/7.29.0","errors":"","cost":0}
{"level":"ERROR","time":"2022-07-13T09:51:46.637+0800","caller":"controller/user.go:17","msg":"SignUp with invalid param","error":"Key: 'ParamSignUp.re_Password' Error:Field validation for 're_Password' failed on the 'eqfield' tag"}
{"level":"INFO","time":"2022-07-13T09:51:46.637+0800","caller":"logger/logger.go:72","msg":"/signup","status":200,"method":"POST","path":"/signup","query":"","ip":"::1","user-agent":"PostmanRuntime/7.29.0","errors":"","cost":0.0010428}
{"level":"DEBUG","time":"2022-07-13T10:42:30.191+0800","caller":"bluebell/main.go:27","msg":"logger init success。。。"}
{"level":"ERROR","time":"2022-07-13T10:43:08.782+0800","caller":"controller/user.go:18","msg":"SignUp with invalid param","error":"Key: 'ParamSignUp.re_password' Error:Field validation for 're_password' failed on the 'eqfield' tag"}
{"level":"INFO","time":"2022-07-13T10:43:08.782+0800","caller":"logger/logger.go:72","msg":"/signup","status":200,"method":"POST","path":"/signup","query":"","ip":"::1","user-agent":"PostmanRuntime/7.29.0","errors":"","cost":0.0002724}
{"level":"ERROR","time":"2022-07-13T10:43:14.363+0800","caller":"controller/user.go:18","msg":"SignUp with invalid param","error":"Key: 'ParamSignUp.re_password' Error:Field validation for 're_password' failed on the 'required' tag"}
{"level":"INFO","time":"2022-07-13T10:43:14.363+0800","caller":"logger/logger.go:72","msg":"/signup","status":200,"method":"POST","path":"/signup","query":"","ip":"::1","user-agent":"PostmanRuntime/7.29.0","errors":"","cost":0.000153}
{"level":"INFO","time":"2022-07-13T10:43:28.747+0800","caller":"logger/logger.go:72","msg":"/signup","status":200,"method":"POST","path":"/signup","query":"","ip":"::1","user-agent":"PostmanRuntime/7.29.0","errors":"","cost":0.0598549}
{"level":"INFO","time":"2022-07-13T10:43:31.102+0800","caller":"logger/logger.go:72","msg":"/signup","status":200,"method":"POST","path":"/signup","query":"","ip":"::1","user-agent":"PostmanRuntime/7.29.0","errors":"","cost":0.0019239}
{"level":"INFO","time":"2022-07-13T10:44:24.607+0800","caller":"logger/logger.go:72","msg":"/signup","status":200,"method":"POST","path":"/signup","query":"","ip":"::1","user-agent":"PostmanRuntime/7.29.0","errors":"","cost":0.0010471}
{"level":"DEBUG","time":"2022-07-13T10:45:53.523+0800","caller":"bluebell/main.go:27","msg":"logger init success。。。"}
{"level":"INFO","time":"2022-07-13T10:46:11.992+0800","caller":"logger/logger.go:72","msg":"/signup","status":200,"method":"POST","path":"/signup","query":"","ip":"::1","user-agent":"PostmanRuntime/7.29.0","errors":"","cost":0.0080964}
{"level":"DEBUG","time":"2022-07-13T10:47:02.345+0800","caller":"bluebell/main.go:27","msg":"logger init success。。。"}
{"level":"INFO","time":"2022-07-13T10:47:05.512+0800","caller":"logger/logger.go:72","msg":"/signup","status":200,"method":"POST","path":"/signup","query":"","ip":"::1","user-agent":"PostmanRuntime/7.29.0","errors":"","cost":0.0038227}
{"level":"DEBUG","time":"2022-07-13T10:48:02.536+0800","caller":"bluebell/main.go:27","msg":"logger init success。。。"}
{"level":"INFO","time":"2022-07-13T10:48:05.098+0800","caller":"logger/logger.go:72","msg":"/signup","status":200,"method":"POST","path":"/signup","query":"","ip":"::1","user-agent":"PostmanRuntime/7.29.0","errors":"","cost":0.0075884}
{"level":"DEBUG","time":"2022-07-13T10:48:44.372+0800","caller":"bluebell/main.go:27","msg":"logger init success。。。"}
{"level":"INFO","time":"2022-07-13T10:48:46.626+0800","caller":"logger/logger.go:72","msg":"/signup","status":200,"method":"POST","path":"/signup","query":"","ip":"::1","user-agent":"PostmanRuntime/7.29.0","errors":"","cost":0.0060749}
{"level":"INFO","time":"2022-07-13T10:49:45.052+0800","caller":"logger/logger.go:72","msg":"/signup","status":200,"method":"POST","path":"/signup","query":"","ip":"::1","user-agent":"PostmanRuntime/7.29.0","errors":"","cost":0.0208033}
{"level":"DEBUG","time":"2022-07-13T11:22:00.577+0800","caller":"bluebell/main.go:27","msg":"logger init success。。。"}
{"level":"ERROR","time":"2022-07-13T11:22:11.276+0800","caller":"controller/user.go:18","msg":"SignUp with invalid param","error":"Key: 'ParamSignUp.re_password' Error:Field validation for 're_password' failed on the 'eqfield' tag"}
{"level":"INFO","time":"2022-07-13T11:22:11.276+0800","caller":"logger/logger.go:76","msg":"/signup","status":200,"method":"POST","path":"/signup","query":"","ip":"::1","user-agent":"PostmanRuntime/7.29.0","errors":"","cost":0.0010977}
{"level":"DEBUG","time":"2022-07-13T11:58:49.557+0800","caller":"bluebell/main.go:27","msg":"logger init success。。。"}
{"level":"INFO","time":"2022-07-13T12:00:11.552+0800","caller":"logger/logger.go:76","msg":"/login","status":200,"method":"POST","path":"/login","query":"","ip":"::1","user-agent":"PostmanRuntime/7.29.0","errors":"","cost":0}
{"level":"INFO","time":"2022-07-13T12:00:15.649+0800","caller":"logger/logger.go:76","msg":"/login","status":200,"method":"POST","path":"/login","query":"","ip":"::1","user-agent":"PostmanRuntime/7.29.0","errors":"","cost":0}
{"level":"INFO","time":"2022-07-13T12:00:20.802+0800","caller":"logger/logger.go:76","msg":"/login","status":200,"method":"POST","path":"/login","query":"","ip":"::1","user-agent":"PostmanRuntime/7.29.0","errors":"","cost":0}
{"level":"INFO","time":"2022-07-13T12:00:48.671+0800","caller":"logger/logger.go:76","msg":"/login","status":200,"method":"POST","path":"/login","query":"","ip":"::1","user-agent":"PostmanRuntime/7.29.0","errors":"","cost":0}
{"level":"DEBUG","time":"2022-07-13T12:01:54.957+0800","caller":"bluebell/main.go:27","msg":"logger init success。。。"}
{"level":"INFO","time":"2022-07-13T12:02:01.464+0800","caller":"logger/logger.go:76","msg":"/login","status":200,"method":"POST","path":"/login","query":"","ip":"::1","user-agent":"PostmanRuntime/7.29.0","errors":"","cost":0.0005616}
{"level":"ERROR","time":"2022-07-13T12:02:05.391+0800","caller":"controller/user.go:58","msg":"Login with invalid param","error":"Key: 'ParamLogin.password' Error:Field validation for 'password' failed on the 'required' tag"}
{"level":"INFO","time":"2022-07-13T12:02:05.393+0800","caller":"logger/logger.go:76","msg":"/login","status":200,"method":"POST","path":"/login","query":"","ip":"::1","user-agent":"PostmanRuntime/7.29.0","errors":"","cost":0.0013549}
{"level":"INFO","time":"2022-07-13T12:02:16.370+0800","caller":"logger/logger.go:76","msg":"/login","status":200,"method":"POST","path":"/login","query":"","ip":"::1","user-agent":"PostmanRuntime/7.29.0","errors":"","cost":0}
{"level":"INFO","time":"2022-07-13T13:33:35.142+0800","caller":"logger/logger.go:76","msg":"/login","status":200,"method":"POST","path":"/login","query":"","ip":"::1","user-agent":"PostmanRuntime/7.29.0","errors":"","cost":0.0012768}
{"level":"DEBUG","time":"2022-07-13T14:54:42.953+0800","caller":"bluebell/main.go:27","msg":"logger init success。。。"}
{"level":"ERROR","time":"2022-07-13T14:54:47.264+0800","caller":"controller/user.go:73","msg":"Logic.Login failed","error":"Error 1064: You have an error in your SQL syntax; check the manual that corresponds to your MySQL server version for the right syntax to use near 'user where username=?' at line 1"}
{"level":"INFO","time":"2022-07-13T14:54:47.265+0800","caller":"logger/logger.go:76","msg":"/login","status":200,"method":"POST","path":"/login","query":"","ip":"::1","user-agent":"PostmanRuntime/7.29.0","errors":"","cost":0.0128145}
{"level":"ERROR","time":"2022-07-13T14:55:01.680+0800","caller":"controller/user.go:73","msg":"Logic.Login failed","error":"Error 1064: You have an error in your SQL syntax; check the manual that corresponds to your MySQL server version for the right syntax to use near 'user where username=?' at line 1"}
{"level":"INFO","time":"2022-07-13T14:55:01.681+0800","caller":"logger/logger.go:76","msg":"/login","status":200,"method":"POST","path":"/login","query":"","ip":"::1","user-agent":"PostmanRuntime/7.29.0","errors":"","cost":0.0025156}
{"level":"ERROR","time":"2022-07-13T14:55:04.231+0800","caller":"controller/user.go:73","msg":"Logic.Login failed","error":"Error 1064: You have an error in your SQL syntax; check the manual that corresponds to your MySQL server version for the right syntax to use near 'user where username=?' at line 1"}
{"level":"INFO","time":"2022-07-13T14:55:04.232+0800","caller":"logger/logger.go:76","msg":"/login","status":200,"method":"POST","path":"/login","query":"","ip":"::1","user-agent":"PostmanRuntime/7.29.0","errors":"","cost":0.0013025}
{"level":"DEBUG","time":"2022-07-13T14:55:31.392+0800","caller":"bluebell/main.go:27","msg":"logger init success。。。"}
{"level":"DEBUG","time":"2022-07-13T14:57:08.155+0800","caller":"bluebell/main.go:27","msg":"logger init success。。。"}
{"level":"ERROR","time":"2022-07-13T14:57:15.392+0800","caller":"controller/user.go:73","msg":"Logic.Login failed","error":"用户不存在"}
{"level":"INFO","time":"2022-07-13T14:57:15.393+0800","caller":"logger/logger.go:76","msg":"/login","status":200,"method":"POST","path":"/login","query":"","ip":"::1","user-agent":"PostmanRuntime/7.29.0","errors":"","cost":0.075546}
{"level":"ERROR","time":"2022-07-13T14:57:21.241+0800","caller":"controller/user.go:73","msg":"Logic.Login failed","error":"密码错误"}
{"level":"INFO","time":"2022-07-13T14:57:21.242+0800","caller":"logger/logger.go:76","msg":"/login","status":200,"method":"POST","path":"/login","query":"","ip":"::1","user-agent":"PostmanRuntime/7.29.0","errors":"","cost":0.0043315}
{"level":"INFO","time":"2022-07-13T14:57:43.855+0800","caller":"logger/logger.go:76","msg":"/login","status":200,"method":"POST","path":"/login","query":"","ip":"::1","user-agent":"PostmanRuntime/7.29.0","errors":"","cost":0.0017499}
{"level":"ERROR","time":"2022-07-13T14:57:49.805+0800","caller":"controller/user.go:73","msg":"Logic.Login failed","error":"密码错误"}
{"level":"INFO","time":"2022-07-13T14:57:49.806+0800","caller":"logger/logger.go:76","msg":"/login","status":200,"method":"POST","path":"/login","query":"","ip":"::1","user-agent":"PostmanRuntime/7.29.0","errors":"","cost":0.0021283}
{"level":"ERROR","time":"2022-07-13T14:57:53.665+0800","caller":"controller/user.go:73","msg":"Logic.Login failed","error":"用户不存在"}
{"level":"INFO","time":"2022-07-13T14:57:53.666+0800","caller":"logger/logger.go:76","msg":"/login","status":200,"method":"POST","path":"/login","query":"","ip":"::1","user-agent":"PostmanRuntime/7.29.0","errors":"","cost":0.0017632}
{"level":"ERROR","time":"2022-07-13T14:58:01.212+0800","caller":"controller/user.go:58","msg":"Login with invalid param","error":"Key: 'ParamLogin.password' Error:Field validation for 'password' failed on the 'required' tag"}
{"level":"INFO","time":"2022-07-13T14:58:01.213+0800","caller":"logger/logger.go:76","msg":"/login","status":200,"method":"POST","path":"/login","query":"","ip":"::1","user-agent":"PostmanRuntime/7.29.0","errors":"","cost":0.0008968}
{"level":"DEBUG","time":"2022-07-13T16:00:09.641+0800","caller":"bluebell/main.go:27","msg":"logger init success。。。"}
{"level":"DEBUG","time":"2022-07-13T16:01:23.219+0800","caller":"bluebell/main.go:27","msg":"logger init success。。。"}
{"level":"ERROR","time":"2022-07-13T16:01:36.610+0800","caller":"controller/user.go:20","msg":"SignUp with invalid param","error":"Key: 'ParamSignUp.re_password' Error:Field validation for 're_password' failed on the 'required' tag"}
{"level":"INFO","time":"2022-07-13T16:01:36.611+0800","caller":"logger/logger.go:76","msg":"/signup","status":200,"method":"POST","path":"/signup","query":"","ip":"::1","user-agent":"PostmanRuntime/7.29.0","errors":"","cost":0.0011401}
{"level":"ERROR","time":"2022-07-13T16:01:53.841+0800","caller":"controller/user.go:20","msg":"SignUp with invalid param","error":"Key: 'ParamSignUp.re_password' Error:Field validation for 're_password' failed on the 'eqfield' tag"}
{"level":"INFO","time":"2022-07-13T16:01:53.842+0800","caller":"logger/logger.go:76","msg":"/signup","status":200,"method":"POST","path":"/signup","query":"","ip":"::1","user-agent":"PostmanRuntime/7.29.0","errors":"","cost":0.001064}
{"level":"INFO","time":"2022-07-13T16:02:00.203+0800","caller":"logger/logger.go:76","msg":"/signup","status":200,"method":"POST","path":"/signup","query":"","ip":"::1","user-agent":"PostmanRuntime/7.29.0","errors":"","cost":0.0898477}
{"level":"INFO","time":"2022-07-13T16:02:03.759+0800","caller":"logger/logger.go:76","msg":"/signup","status":200,"method":"POST","path":"/signup","query":"","ip":"::1","user-agent":"PostmanRuntime/7.29.0","errors":"","cost":0.007121}
{"level":"DEBUG","time":"2022-07-13T16:12:46.774+0800","caller":"bluebell/main.go:27","msg":"logger init success。。。"}
{"level":"INFO","time":"2022-07-13T16:13:03.826+0800","caller":"logger/logger.go:76","msg":"/login ","status":404,"method":"POST","path":"/login ","query":"","ip":"::1","user-agent":"PostmanRuntime/7.29.0","errors":"","cost":0}
{"level":"INFO","time":"2022-07-13T16:13:09.521+0800","caller":"logger/logger.go:76","msg":"/login ","status":404,"method":"POST","path":"/login ","query":"","ip":"::1","user-agent":"PostmanRuntime/7.29.0","errors":"","cost":0}
{"level":"INFO","time":"2022-07-13T16:13:50.724+0800","caller":"logger/logger.go:76","msg":"/login ","status":404,"method":"POST","path":"/login ","query":"","ip":"::1","user-agent":"PostmanRuntime/7.29.0","errors":"","cost":0}
{"level":"DEBUG","time":"2022-07-13T16:14:28.930+0800","caller":"bluebell/main.go:27","msg":"logger init success。。。"}
{"level":"DEBUG","time":"2022-07-13T16:14:42.446+0800","caller":"bluebell/main.go:27","msg":"logger init success。。。"}
{"level":"INFO","time":"2022-07-13T16:14:46.849+0800","caller":"logger/logger.go:76","msg":"/login ","status":404,"method":"POST","path":"/login ","query":"","ip":"::1","user-agent":"PostmanRuntime/7.29.0","errors":"","cost":0}
{"level":"INFO","time":"2022-07-13T16:15:45.397+0800","caller":"logger/logger.go:76","msg":"/signup","status":200,"method":"POST","path":"/signup","query":"","ip":"::1","user-agent":"PostmanRuntime/7.29.0","errors":"","cost":0.0187817}
{"level":"ERROR","time":"2022-07-13T16:15:54.625+0800","caller":"controller/user.go:19","msg":"SignUp with invalid param","error":"Key: 'ParamSignUp.re_password' Error:Field validation for 're_password' failed on the 'required' tag"}
{"level":"INFO","time":"2022-07-13T16:15:54.625+0800","caller":"logger/logger.go:76","msg":"/signup","status":200,"method":"POST","path":"/signup","query":"","ip":"::1","user-agent":"PostmanRuntime/7.29.0","errors":"","cost":0.0006706}
{"level":"INFO","time":"2022-07-13T16:16:03.755+0800","caller":"logger/logger.go:76","msg":"/login","status":200,"method":"POST","path":"/login","query":"","ip":"::1","user-agent":"PostmanRuntime/7.29.0","errors":"","cost":0.0032748}
{"level":"ERROR","time":"2022-07-13T16:16:09.859+0800","caller":"controller/user.go:68","msg":"Logic.Login failed","username":"gz","error":"用户不存在"}
{"level":"INFO","time":"2022-07-13T16:16:09.860+0800","caller":"logger/logger.go:76","msg":"/login","status":200,"method":"POST","path":"/login","query":"","ip":"::1","user-agent":"PostmanRuntime/7.29.0","errors":"","cost":0.0020151}
{"level":"ERROR","time":"2022-07-13T16:16:16.367+0800","caller":"controller/user.go:68","msg":"Logic.Login failed","username":"gzx","error":"用户名或密码错误"}
{"level":"INFO","time":"2022-07-13T16:16:16.367+0800","caller":"logger/logger.go:76","msg":"/login","status":200,"method":"POST","path":"/login","query":"","ip":"::1","user-agent":"PostmanRuntime/7.29.0","errors":"","cost":0.0022233}
{"level":"ERROR","time":"2022-07-13T16:16:25.446+0800","caller":"controller/user.go:57","msg":"Login with invalid param","error":"Key: 'ParamLogin.password' Error:Field validation for 'password' failed on the 'required' tag"}
{"level":"INFO","time":"2022-07-13T16:16:25.447+0800","caller":"logger/logger.go:76","msg":"/login","status":200,"method":"POST","path":"/login","query":"","ip":"::1","user-agent":"PostmanRuntime/7.29.0","errors":"","cost":0.0009931}
{"level":"INFO","time":"2022-07-13T16:16:35.616+0800","caller":"logger/logger.go:76","msg":"/login","status":200,"method":"POST","path":"/login","query":"","ip":"::1","user-agent":"PostmanRuntime/7.29.0","errors":"","cost":0.0011255}
{"level":"DEBUG","time":"2022-07-14T10:59:16.607+0800","caller":"bluebell/main.go:27","msg":"logger init success。。。"}
{"level":"DEBUG","time":"2022-07-14T10:59:32.007+0800","caller":"bluebell/main.go:27","msg":"logger init success。。。"}
{"level":"ERROR","time":"2022-07-14T10:59:44.833+0800","caller":"controller/user.go:72","msg":"Logic.Login failed","username":"gzx","error":"key is of invalid type"}
{"level":"INFO","time":"2022-07-14T10:59:44.833+0800","caller":"logger/logger.go:76","msg":"/login","status":200,"method":"POST","path":"/login","query":"","ip":"::1","user-agent":"PostmanRuntime/7.29.0","errors":"","cost":0.0623432}
{"level":"ERROR","time":"2022-07-14T11:00:07.597+0800","caller":"controller/user.go:72","msg":"Logic.Login failed","username":"gzx","error":"key is of invalid type"}
{"level":"INFO","time":"2022-07-14T11:00:07.597+0800","caller":"logger/logger.go:76","msg":"/login","status":200,"method":"POST","path":"/login","query":"","ip":"::1","user-agent":"PostmanRuntime/7.29.0","errors":"","cost":0.0023331}
{"level":"ERROR","time":"2022-07-14T11:00:43.793+0800","caller":"controller/user.go:72","msg":"Logic.Login failed","username":"mhx","error":"key is of invalid type"}
{"level":"INFO","time":"2022-07-14T11:00:43.793+0800","caller":"logger/logger.go:76","msg":"/login","status":200,"method":"POST","path":"/login","query":"","ip":"::1","user-agent":"PostmanRuntime/7.29.0","errors":"","cost":0.0007678}
{"level":"DEBUG","time":"2022-07-14T11:01:21.530+0800","caller":"bluebell/main.go:27","msg":"logger init success。。。"}
{"level":"ERROR","time":"2022-07-14T11:01:24.867+0800","caller":"controller/user.go:72","msg":"Logic.Login failed","username":"mhx","error":"key is of invalid type"}
{"level":"INFO","time":"2022-07-14T11:01:24.867+0800","caller":"logger/logger.go:76","msg":"/login","status":200,"method":"POST","path":"/login","query":"","ip":"::1","user-agent":"PostmanRuntime/7.29.0","errors":"","cost":0.0072775}
{"level":"DEBUG","time":"2022-07-14T11:09:26.361+0800","caller":"bluebell/main.go:27","msg":"logger init success。。。"}
{"level":"ERROR","time":"2022-07-14T11:09:40.917+0800","caller":"controller/user.go:72","msg":"Logic.Login failed","username":"mhx","error":"key is of invalid type"}
{"level":"INFO","time":"2022-07-14T11:09:40.919+0800","caller":"logger/logger.go:76","msg":"/login","status":200,"method":"POST","path":"/login","query":"","ip":"::1","user-agent":"PostmanRuntime/7.29.0","errors":"","cost":0.019865}
{"level":"DEBUG","time":"2022-07-14T11:14:23.372+0800","caller":"bluebell/main.go:27","msg":"logger init success。。。"}
{"level":"INFO","time":"2022-07-14T11:14:25.892+0800","caller":"logger/logger.go:76","msg":"/login","status":200,"method":"POST","path":"/login","query":"","ip":"::1","user-agent":"PostmanRuntime/7.29.0","errors":"","cost":0.0292718}
{"level":"DEBUG","time":"2022-07-14T11:17:52.167+0800","caller":"bluebell/main.go:27","msg":"logger init success。。。"}
{"level":"INFO","time":"2022-07-14T11:17:55.141+0800","caller":"logger/logger.go:76","msg":"/login","status":200,"method":"POST","path":"/login","query":"","ip":"::1","user-agent":"PostmanRuntime/7.29.0","errors":"","cost":0.0063623}
{"level":"INFO","time":"2022-07-14T11:17:56.831+0800","caller":"logger/logger.go:76","msg":"/login","status":200,"method":"POST","path":"/login","query":"","ip":"::1","user-agent":"PostmanRuntime/7.29.0","errors":"","cost":0.0016497}
{"level":"INFO","time":"2022-07-14T11:17:57.762+0800","caller":"logger/logger.go:76","msg":"/login","status":200,"method":"POST","path":"/login","query":"","ip":"::1","user-agent":"PostmanRuntime/7.29.0","errors":"","cost":0.0006533}
{"level":"INFO","time":"2022-07-14T11:17:58.617+0800","caller":"logger/logger.go:76","msg":"/login","status":200,"method":"POST","path":"/login","query":"","ip":"::1","user-agent":"PostmanRuntime/7.29.0","errors":"","cost":0.0009088}
{"level":"INFO","time":"2022-07-14T11:17:59.606+0800","caller":"logger/logger.go:76","msg":"/login","status":200,"method":"POST","path":"/login","query":"","ip":"::1","user-agent":"PostmanRuntime/7.29.0","errors":"","cost":0.0025323}
{"level":"INFO","time":"2022-07-14T11:18:00.823+0800","caller":"logger/logger.go:76","msg":"/login","status":200,"method":"POST","path":"/login","query":"","ip":"::1","user-agent":"PostmanRuntime/7.29.0","errors":"","cost":0.0016843}
{"level":"INFO","time":"2022-07-14T11:18:01.959+0800","caller":"logger/logger.go:76","msg":"/login","status":200,"method":"POST","path":"/login","query":"","ip":"::1","user-agent":"PostmanRuntime/7.29.0","errors":"","cost":0.0012224}
{"level":"INFO","time":"2022-07-14T11:18:04.398+0800","caller":"logger/logger.go:76","msg":"/login","status":200,"method":"POST","path":"/login","query":"","ip":"::1","user-agent":"PostmanRuntime/7.29.0","errors":"","cost":0.0013412}
{"level":"INFO","time":"2022-07-14T11:18:05.290+0800","caller":"logger/logger.go:76","msg":"/login","status":200,"method":"POST","path":"/login","query":"","ip":"::1","user-agent":"PostmanRuntime/7.29.0","errors":"","cost":0.0015055}
{"level":"INFO","time":"2022-07-14T11:18:06.216+0800","caller":"logger/logger.go:76","msg":"/login","status":200,"method":"POST","path":"/login","query":"","ip":"::1","user-agent":"PostmanRuntime/7.29.0","errors":"","cost":0.0014694}
{"level":"INFO","time":"2022-07-14T11:18:07.194+0800","caller":"logger/logger.go:76","msg":"/login","status":200,"method":"POST","path":"/login","query":"","ip":"::1","user-agent":"PostmanRuntime/7.29.0","errors":"","cost":0.0011007}
{"level":"INFO","time":"2022-07-14T11:18:07.988+0800","caller":"logger/logger.go:76","msg":"/login","status":200,"method":"POST","path":"/login","query":"","ip":"::1","user-agent":"PostmanRuntime/7.29.0","errors":"","cost":0.0016251}
{"level":"INFO","time":"2022-07-14T11:18:08.771+0800","caller":"logger/logger.go:76","msg":"/login","status":200,"method":"POST","path":"/login","query":"","ip":"::1","user-agent":"PostmanRuntime/7.29.0","errors":"","cost":0.0015945}
{"level":"INFO","time":"2022-07-14T11:18:09.655+0800","caller":"logger/logger.go:76","msg":"/login","status":200,"method":"POST","path":"/login","query":"","ip":"::1","user-agent":"PostmanRuntime/7.29.0","errors":"","cost":0.0019882}
{"level":"INFO","time":"2022-07-14T11:18:10.427+0800","caller":"logger/logger.go:76","msg":"/login","status":200,"method":"POST","path":"/login","query":"","ip":"::1","user-agent":"PostmanRuntime/7.29.0","errors":"","cost":0.0009999}
{"level":"INFO","time":"2022-07-14T11:18:11.198+0800","caller":"logger/logger.go:76","msg":"/login","status":200,"method":"POST","path":"/login","query":"","ip":"::1","user-agent":"PostmanRuntime/7.29.0","errors":"","cost":0.0014716}
{"level":"INFO","time":"2022-07-14T11:18:11.962+0800","caller":"logger/logger.go:76","msg":"/login","status":200,"method":"POST","path":"/login","query":"","ip":"::1","user-agent":"PostmanRuntime/7.29.0","errors":"","cost":0.0009595}
{"level":"INFO","time":"2022-07-14T11:18:12.733+0800","caller":"logger/logger.go:76","msg":"/login","status":200,"method":"POST","path":"/login","query":"","ip":"::1","user-agent":"PostmanRuntime/7.29.0","errors":"","cost":0.0016978}
{"level":"INFO","time":"2022-07-14T11:18:13.581+0800","caller":"logger/logger.go:76","msg":"/login","status":200,"method":"POST","path":"/login","query":"","ip":"::1","user-agent":"PostmanRuntime/7.29.0","errors":"","cost":0.0012594}
{"level":"INFO","time":"2022-07-14T11:18:14.293+0800","caller":"logger/logger.go:76","msg":"/login","status":200,"method":"POST","path":"/login","query":"","ip":"::1","user-agent":"PostmanRuntime/7.29.0","errors":"","cost":0.0013353}
{"level":"INFO","time":"2022-07-14T11:18:15.035+0800","caller":"logger/logger.go:76","msg":"/login","status":200,"method":"POST","path":"/login","query":"","ip":"::1","user-agent":"PostmanRuntime/7.29.0","errors":"","cost":0.0008811}
{"level":"INFO","time":"2022-07-14T11:18:15.862+0800","caller":"logger/logger.go:76","msg":"/login","status":200,"method":"POST","path":"/login","query":"","ip":"::1","user-agent":"PostmanRuntime/7.29.0","errors":"","cost":0.0008902}
{"level":"INFO","time":"2022-07-14T11:18:16.718+0800","caller":"logger/logger.go:76","msg":"/login","status":200,"method":"POST","path":"/login","query":"","ip":"::1","user-agent":"PostmanRuntime/7.29.0","errors":"","cost":0.0015965}
{"level":"DEBUG","time":"2022-07-15T09:46:40.459+0800","caller":"bluebell/main.go:27","msg":"logger init success。。。"}
{"level":"DEBUG","time":"2022-07-15T10:45:12.435+0800","caller":"bluebell/main.go:27","msg":"logger init success。。。"}
{"level":"DEBUG","time":"2022-07-15T14:27:58.028+0800","caller":"bluebell/main.go:27","msg":"logger init success。。。"}
{"level":"INFO","time":"2022-07-15T14:28:46.168+0800","caller":"logger/logger.go:76","msg":"/ping","status":404,"method":"GET","path":"/ping","query":"","ip":"::1","user-agent":"PostmanRuntime/7.29.0","errors":"","cost":0.0005711}
{"level":"INFO","time":"2022-07-15T14:29:08.175+0800","caller":"logger/logger.go:76","msg":"/api/v1/community ","status":404,"method":"GET","path":"/api/v1/community ","query":"","ip":"::1","user-agent":"PostmanRuntime/7.29.0","errors":"","cost":0}
{"level":"INFO","time":"2022-07-15T14:29:16.545+0800","caller":"logger/logger.go:76","msg":"/api/v1/community ","status":404,"method":"GET","path":"/api/v1/community ","query":"","ip":"::1","user-agent":"PostmanRuntime/7.29.0","errors":"","cost":0}
{"level":"INFO","time":"2022-07-15T14:29:45.532+0800","caller":"logger/logger.go:76","msg":"/api/v1/login","status":404,"method":"GET","path":"/api/v1/login","query":"","ip":"::1","user-agent":"PostmanRuntime/7.29.0","errors":"","cost":0}
{"level":"INFO","time":"2022-07-15T14:31:02.929+0800","caller":"logger/logger.go:76","msg":"/api/v1/SIGNUP","status":404,"method":"GET","path":"/api/v1/SIGNUP","query":"","ip":"::1","user-agent":"PostmanRuntime/7.29.0","errors":"","cost":0}
{"level":"INFO","time":"2022-07-15T14:31:08.127+0800","caller":"logger/logger.go:76","msg":"/api/v1/signup","status":404,"method":"GET","path":"/api/v1/signup","query":"","ip":"::1","user-agent":"PostmanRuntime/7.29.0","errors":"","cost":0}
{"level":"DEBUG","time":"2022-07-15T14:31:37.015+0800","caller":"bluebell/main.go:27","msg":"logger init success。。。"}
{"level":"INFO","time":"2022-07-15T14:31:51.789+0800","caller":"logger/logger.go:76","msg":"/api/v1/signup","status":404,"method":"GET","path":"/api/v1/signup","query":"","ip":"::1","user-agent":"PostmanRuntime/7.29.0","errors":"","cost":0}
{"level":"DEBUG","time":"2022-07-15T14:33:57.673+0800","caller":"bluebell/main.go:27","msg":"logger init success。。。"}
{"level":"ERROR","time":"2022-07-15T14:34:09.578+0800","caller":"controller/user.go:20","msg":"SignUp with invalid param","error":"Key: 'ParamSignUp.re_password' Error:Field validation for 're_password' failed on the 'required' tag"}
{"level":"INFO","time":"2022-07-15T14:34:09.578+0800","caller":"logger/logger.go:76","msg":"/api/v1/signup","status":200,"method":"POST","path":"/api/v1/signup","query":"","ip":"::1","user-agent":"PostmanRuntime/7.29.0","errors":"","cost":0.0010511}
{"level":"INFO","time":"2022-07-15T14:34:35.343+0800","caller":"logger/logger.go:76","msg":"/api/v1/signup","status":200,"method":"POST","path":"/api/v1/signup","query":"","ip":"::1","user-agent":"PostmanRuntime/7.29.0","errors":"","cost":0.089613}
{"level":"INFO","time":"2022-07-15T14:34:45.678+0800","caller":"logger/logger.go:76","msg":"/api/v1/signup","status":200,"method":"POST","path":"/api/v1/signup","query":"","ip":"::1","user-agent":"PostmanRuntime/7.29.0","errors":"","cost":0.0133597}
{"level":"INFO","time":"2022-07-15T14:34:58.501+0800","caller":"logger/logger.go:76","msg":"/api/v1/login","status":200,"method":"POST","path":"/api/v1/login","query":"","ip":"::1","user-agent":"PostmanRuntime/7.29.0","errors":"","cost":0.0013312}
{"level":"INFO","time":"2022-07-15T14:35:28.790+0800","caller":"logger/logger.go:76","msg":"/api/v1/community","status":200,"method":"GET","path":"/api/v1/community","query":"","ip":"::1","user-agent":"PostmanRuntime/7.29.0","errors":"","cost":0}
{"level":"DEBUG","time":"2022-07-15T14:35:53.750+0800","caller":"bluebell/main.go:27","msg":"logger init success。。。"}
{"level":"DEBUG","time":"2022-07-15T14:56:38.932+0800","caller":"bluebell/main.go:27","msg":"logger init success。。。"}
{"level":"ERROR","time":"2022-07-15T14:57:07.430+0800","caller":"controller/community.go:15","msg":"logic.GetCommunityList() failed","error":"missing destination name community_name in *[]*models.Community"}
{"level":"INFO","time":"2022-07-15T14:57:07.438+0800","caller":"logger/logger.go:76","msg":"/api/v1/community","status":200,"method":"GET","path":"/api/v1/community","query":"","ip":"::1","user-agent":"PostmanRuntime/7.29.0","errors":"","cost":0.0311356}
{"level":"ERROR","time":"2022-07-15T14:59:58.962+0800","caller":"controller/community.go:15","msg":"logic.GetCommunityList() failed","error":"missing destination name community_name in *[]*models.Community"}
{"level":"INFO","time":"2022-07-15T14:59:58.963+0800","caller":"logger/logger.go:76","msg":"/api/v1/community","status":200,"method":"GET","path":"/api/v1/community","query":"","ip":"::1","user-agent":"PostmanRuntime/7.29.0","errors":"","cost":0.0014346}
{"level":"DEBUG","time":"2022-07-15T15:01:30.314+0800","caller":"bluebell/main.go:27","msg":"logger init success。。。"}
{"level":"INFO","time":"2022-07-15T15:01:35.238+0800","caller":"logger/logger.go:76","msg":"/api/v1/community","status":200,"method":"GET","path":"/api/v1/community","query":"","ip":"::1","user-agent":"PostmanRuntime/7.29.0","errors":"","cost":0.0090546}
{"level":"INFO","time":"2022-07-15T15:04:55.343+0800","caller":"logger/logger.go:76","msg":"/api/v1/login","status":200,"method":"GET","path":"/api/v1/login","query":"","ip":"::1","user-agent":"PostmanRuntime/7.29.0","errors":"","cost":0}
{"level":"INFO","time":"2022-07-15T15:05:16.474+0800","caller":"logger/logger.go:76","msg":"/api/v1/login","status":200,"method":"GET","path":"/api/v1/login","query":"","ip":"::1","user-agent":"PostmanRuntime/7.29.0","errors":"","cost":0}
{"level":"INFO","time":"2022-07-15T15:06:43.968+0800","caller":"logger/logger.go:76","msg":"/api/v1/login","status":200,"method":"GET","path":"/api/v1/login","query":"","ip":"::1","user-agent":"PostmanRuntime/7.29.0","errors":"","cost":0.0003479}
{"level":"INFO","time":"2022-07-15T15:07:07.850+0800","caller":"logger/logger.go:76","msg":"/api/v1/login","status":200,"method":"POST","path":"/api/v1/login","query":"","ip":"::1","user-agent":"PostmanRuntime/7.29.0","errors":"","cost":0.0076301}
{"level":"DEBUG","time":"2022-07-15T15:42:32.187+0800","caller":"bluebell/main.go:27","msg":"logger init success。。。"}
{"level":"DEBUG","time":"2022-07-15T15:43:00.869+0800","caller":"bluebell/main.go:27","msg":"logger init success。。。"}
{"level":"DEBUG","time":"2022-07-15T15:43:56.728+0800","caller":"bluebell/main.go:27","msg":"logger init success。。。"}
{"level":"INFO","time":"2022-07-15T15:44:09.238+0800","caller":"logger/logger.go:76","msg":"/api/v1/login","status":200,"method":"POST","path":"/api/v1/login","query":"","ip":"::1","user-agent":"PostmanRuntime/7.29.0","errors":"","cost":0.0133615}
{"level":"INFO","time":"2022-07-15T15:44:12.459+0800","caller":"logger/logger.go:76","msg":"/api/v1/community","status":200,"method":"GET","path":"/api/v1/community","query":"","ip":"::1","user-agent":"PostmanRuntime/7.29.0","errors":"","cost":0.0096646}
{"level":"INFO","time":"2022-07-15T15:44:15.511+0800","caller":"logger/logger.go:76","msg":"/api/v1/community/1","status":200,"method":"GET","path":"/api/v1/community/1","query":"","ip":"::1","user-agent":"PostmanRuntime/7.29.0","errors":"","cost":0.0064738}
{"level":"INFO","time":"2022-07-15T15:44:20.599+0800","caller":"logger/logger.go:76","msg":"/api/v1/community/2","status":200,"method":"GET","path":"/api/v1/community/2","query":"","ip":"::1","user-agent":"PostmanRuntime/7.29.0","errors":"","cost":0.0012297}
{"level":"ERROR","time":"2022-07-15T15:44:25.248+0800","caller":"controller/community.go:35","msg":"logic.GetCommunityList() failed","error":"无效的ID"}
{"level":"INFO","time":"2022-07-15T15:44:25.249+0800","caller":"logger/logger.go:76","msg":"/api/v1/community/23","status":200,"method":"GET","path":"/api/v1/community/23","query":"","ip":"::1","user-agent":"PostmanRuntime/7.29.0","errors":"","cost":0.0028895}
{"level":"INFO","time":"2022-07-15T15:44:28.089+0800","caller":"logger/logger.go:76","msg":"/api/v1/community/3","status":200,"method":"GET","path":"/api/v1/community/3","query":"","ip":"::1","user-agent":"PostmanRuntime/7.29.0","errors":"","cost":0.0019979}
{"level":"INFO","time":"2022-07-15T15:44:30.500+0800","caller":"logger/logger.go:76","msg":"/api/v1/community/1","status":200,"method":"GET","path":"/api/v1/community/1","query":"","ip":"::1","user-agent":"PostmanRuntime/7.29.0","errors":"","cost":0.0075052}
{"level":"INFO","time":"2022-07-15T15:55:40.831+0800","caller":"logger/logger.go:76","msg":"/api/v1/community/hh","status":200,"method":"GET","path":"/api/v1/community/hh","query":"","ip":"::1","user-agent":"PostmanRuntime/7.29.0","errors":"","cost":0.0008267}
{"level":"DEBUG","time":"2022-07-15T17:19:33.158+0800","caller":"bluebell/main.go:27","msg":"logger init success。。。"}
{"level":"INFO","time":"2022-07-15T17:22:01.436+0800","caller":"logger/logger.go:76","msg":"/api/v1/post","status":200,"method":"POST","path":"/api/v1/post","query":"","ip":"::1","user-agent":"PostmanRuntime/7.29.0","errors":"","cost":0}
{"level":"INFO","time":"2022-07-15T17:22:08.093+0800","caller":"logger/logger.go:76","msg":"/api/v1/login","status":200,"method":"POST","path":"/api/v1/login","query":"","ip":"::1","user-agent":"PostmanRuntime/7.29.0","errors":"","cost":0.0138584}
{"level":"INFO","time":"2022-07-15T17:22:23.891+0800","caller":"logger/logger.go:76","msg":"/api/v1/post","status":200,"method":"POST","path":"/api/v1/post","query":"","ip":"::1","user-agent":"PostmanRuntime/7.29.0","errors":"","cost":0}
{"level":"DEBUG","time":"2022-07-15T17:22:54.695+0800","caller":"controller/post.go:15","msg":"**c.shouldBindJson(p) error","err":"Key: 'Post.community_id' Error:Field validation for 'community_id' failed on the 'required' tag"}
{"level":"ERROR","time":"2022-07-15T17:22:54.695+0800","caller":"controller/post.go:16","msg":"***create post with invalid param","error":"Key: 'Post.community_id' Error:Field validation for 'community_id' failed on the 'required' tag"}
{"level":"INFO","time":"2022-07-15T17:22:54.696+0800","caller":"logger/logger.go:76","msg":"/api/v1/post","status":200,"method":"POST","path":"/api/v1/post","query":"","ip":"::1","user-agent":"PostmanRuntime/7.29.0","errors":"","cost":0.0028545}
{"level":"INFO","time":"2022-07-15T17:23:57.177+0800","caller":"logger/logger.go:76","msg":"/api/v1/post","status":200,"method":"POST","path":"/api/v1/post","query":"","ip":"::1","user-agent":"PostmanRuntime/7.29.0","errors":"","cost":0}
{"level":"INFO","time":"2022-07-15T17:24:06.262+0800","caller":"logger/logger.go:76","msg":"/api/v1/post","status":200,"method":"POST","path":"/api/v1/post","query":"","ip":"::1","user-agent":"PostmanRuntime/7.29.0","errors":"","cost":0}
{"level":"INFO","time":"2022-07-15T17:24:09.872+0800","caller":"logger/logger.go:76","msg":"/api/v1/login","status":200,"method":"POST","path":"/api/v1/login","query":"","ip":"::1","user-agent":"PostmanRuntime/7.29.0","errors":"","cost":0.0025751}
{"level":"INFO","time":"2022-07-15T17:24:20.711+0800","caller":"logger/logger.go:76","msg":"/api/v1/post","status":200,"method":"POST","path":"/api/v1/post","query":"","ip":"::1","user-agent":"PostmanRuntime/7.29.0","errors":"","cost":0}
{"level":"DEBUG","time":"2022-07-16T09:13:26.750+0800","caller":"bluebell/main.go:27","msg":"logger init success。。。"}
{"level":"DEBUG","time":"2022-07-16T09:13:43.837+0800","caller":"bluebell/main.go:27","msg":"logger init success。。。"}
{"level":"DEBUG","time":"2022-07-16T09:14:54.663+0800","caller":"bluebell/main.go:27","msg":"logger init success。。。"}
{"level":"INFO","time":"2022-07-16T09:15:01.861+0800","caller":"logger/logger.go:76","msg":"/api/v1/login","status":200,"method":"POST","path":"/api/v1/login","query":"","ip":"::1","user-agent":"PostmanRuntime/7.29.0","errors":"","cost":0.0139355}
{"level":"INFO","time":"2022-07-16T09:15:11.715+0800","caller":"logger/logger.go:76","msg":"/api/v1/post","status":200,"method":"POST","path":"/api/v1/post","query":"","ip":"::1","user-agent":"PostmanRuntime/7.29.0","errors":"","cost":0.0006475}
{"level":"INFO","time":"2022-07-16T09:15:32.901+0800","caller":"logger/logger.go:76","msg":"/api/v1/community/1","status":200,"method":"GET","path":"/api/v1/community/1","query":"","ip":"::1","user-agent":"PostmanRuntime/7.29.0","errors":"","cost":0.0003609}
{"level":"INFO","time":"2022-07-16T09:15:40.582+0800","caller":"logger/logger.go:76","msg":"/api/v1/community/1","status":200,"method":"GET","path":"/api/v1/community/1","query":"","ip":"::1","user-agent":"PostmanRuntime/7.29.0","errors":"","cost":0.0176944}
{"level":"INFO","time":"2022-07-16T09:16:31.302+0800","caller":"logger/logger.go:76","msg":"/api/v1/post","status":200,"method":"POST","path":"/api/v1/post","query":"","ip":"::1","user-agent":"PostmanRuntime/7.29.0","errors":"","cost":0}
{"level":"DEBUG","time":"2022-07-16T09:25:00.675+0800","caller":"bluebell/main.go:27","msg":"logger init success。。。"}
{"level":"INFO","time":"2022-07-16T09:25:05.245+0800","caller":"logger/logger.go:76","msg":"/api/v1/post","status":200,"method":"POST","path":"/api/v1/post","query":"","ip":"::1","user-agent":"PostmanRuntime/7.29.0","errors":"","cost":0.026436}
{"level":"DEBUG","time":"2022-07-16T09:25:37.211+0800","caller":"bluebell/main.go:27","msg":"logger init success。。。"}
{"level":"INFO","time":"2022-07-16T09:25:40.976+0800","caller":"logger/logger.go:76","msg":"/api/v1/post","status":200,"method":"POST","path":"/api/v1/post","query":"","ip":"::1","user-agent":"PostmanRuntime/7.29.0","errors":"","cost":0.0005175}
{"level":"DEBUG","time":"2022-07-16T09:26:32.902+0800","caller":"bluebell/main.go:27","msg":"logger init success。。。"}
{"level":"INFO","time":"2022-07-16T09:26:47.500+0800","caller":"logger/logger.go:76","msg":"/api/v1/post","status":200,"method":"POST","path":"/api/v1/post","query":"","ip":"::1","user-agent":"PostmanRuntime/7.29.0","errors":"","cost":0.0147998}
{"level":"DEBUG","time":"2022-07-16T09:50:25.238+0800","caller":"bluebell/main.go:27","msg":"logger init success。。。"}
{"level":"INFO","time":"2022-07-16T09:52:19.436+0800","caller":"logger/logger.go:76","msg":"/api/v1/post/270000372716670976","status":200,"method":"GET","path":"/api/v1/post/270000372716670976","query":"","ip":"::1","user-agent":"PostmanRuntime/7.29.0","errors":"","cost":0.0059887}
{"level":"INFO","time":"2022-07-16T09:52:47.205+0800","caller":"logger/logger.go:76","msg":"/api/v1/post/270000801647169536","status":200,"method":"GET","path":"/api/v1/post/270000801647169536","query":"","ip":"::1","user-agent":"PostmanRuntime/7.29.0","errors":"","cost":0.0008345}
{"level":"INFO","time":"2022-07-16T09:53:03.927+0800","caller":"logger/logger.go:76","msg":"/api/v1/post/270000801647169536","status":200,"method":"GET","path":"/api/v1/post/270000801647169536","query":"","ip":"::1","user-agent":"PostmanRuntime/7.29.0","errors":"","cost":0.0012558}
{"level":"DEBUG","time":"2022-07-16T10:21:49.446+0800","caller":"bluebell/main.go:27","msg":"logger init success。。。"}
{"level":"INFO","time":"2022-07-16T10:21:55.061+0800","caller":"logger/logger.go:76","msg":"/api/v1/post/270000801647169536","status":200,"method":"GET","path":"/api/v1/post/270000801647169536","query":"","ip":"::1","user-agent":"PostmanRuntime/7.29.0","errors":"","cost":0.0185958}
{"level":"DEBUG","time":"2022-07-16T10:22:19.308+0800","caller":"bluebell/main.go:27","msg":"logger init success。。。"}
{"level":"INFO","time":"2022-07-16T10:22:21.694+0800","caller":"logger/logger.go:76","msg":"/api/v1/post/270000801647169536","status":200,"method":"GET","path":"/api/v1/post/270000801647169536","query":"","ip":"::1","user-agent":"PostmanRuntime/7.29.0","errors":"","cost":0.0135783}
{"level":"DEBUG","time":"2022-07-16T11:12:59.998+0800","caller":"bluebell/main.go:27","msg":"logger init success。。。"}
{"level":"INFO","time":"2022-07-16T11:13:47.584+0800","caller":"logger/logger.go:76","msg":"/api/v1/posts","status":200,"method":"GET","path":"/api/v1/posts","query":"size=2","ip":"::1","user-agent":"PostmanRuntime/7.29.0","errors":"","cost":0.0520917}
{"level":"INFO","time":"2022-07-16T11:14:32.843+0800","caller":"logger/logger.go:76","msg":"/api/v1/post","status":200,"method":"POST","path":"/api/v1/post","query":"","ip":"::1","user-agent":"PostmanRuntime/7.29.0","errors":"","cost":0.027897}
{"level":"INFO","time":"2022-07-16T11:15:02.622+0800","caller":"logger/logger.go:76","msg":"/api/v1/post","status":200,"method":"POST","path":"/api/v1/post","query":"","ip":"::1","user-agent":"PostmanRuntime/7.29.0","errors":"","cost":0}
{"level":"INFO","time":"2022-07-16T11:15:15.367+0800","caller":"logger/logger.go:76","msg":"/api/v1/login","status":200,"method":"POST","path":"/api/v1/login","query":"","ip":"::1","user-agent":"PostmanRuntime/7.29.0","errors":"","cost":0.0036543}
{"level":"INFO","time":"2022-07-16T11:15:23.802+0800","caller":"logger/logger.go:76","msg":"/api/v1/post","status":200,"method":"POST","path":"/api/v1/post","query":"","ip":"::1","user-agent":"PostmanRuntime/7.29.0","errors":"","cost":0.0103227}
{"level":"INFO","time":"2022-07-16T11:15:39.033+0800","caller":"logger/logger.go:76","msg":"/api/v1/posts","status":200,"method":"GET","path":"/api/v1/posts","query":"size=2","ip":"::1","user-agent":"PostmanRuntime/7.29.0","errors":"","cost":0.0114118}
{"level":"INFO","time":"2022-07-16T11:15:47.664+0800","caller":"logger/logger.go:76","msg":"/api/v1/posts","status":200,"method":"GET","path":"/api/v1/posts","query":"size=2","ip":"::1","user-agent":"PostmanRuntime/7.29.0","errors":"","cost":0.0019733}
{"level":"INFO","time":"2022-07-16T11:15:57.137+0800","caller":"logger/logger.go:76","msg":"/api/v1/posts","status":200,"method":"GET","path":"/api/v1/posts","query":"size=2&page=1","ip":"::1","user-agent":"PostmanRuntime/7.29.0","errors":"","cost":0.0032734}
{"level":"INFO","time":"2022-07-16T11:16:10.123+0800","caller":"logger/logger.go:76","msg":"/api/v1/post","status":200,"method":"GET","path":"/api/v1/post","query":"","ip":"::1","user-agent":"PostmanRuntime/7.29.0","errors":"","cost":0.0004308}
{"level":"INFO","time":"2022-07-16T11:16:12.527+0800","caller":"logger/logger.go:76","msg":"/api/v1/post","status":200,"method":"GET","path":"/api/v1/post","query":"","ip":"::1","user-agent":"PostmanRuntime/7.29.0","errors":"","cost":0.00036}
{"level":"INFO","time":"2022-07-16T11:16:34.494+0800","caller":"logger/logger.go:76","msg":"/api/v1/posts","status":200,"method":"GET","path":"/api/v1/posts","query":"size=1&page=1","ip":"::1","user-agent":"PostmanRuntime/7.29.0","errors":"","cost":0.0035862}
{"level":"INFO","time":"2022-07-16T11:16:52.712+0800","caller":"logger/logger.go:76","msg":"/api/v1/posts","status":200,"method":"GET","path":"/api/v1/posts","query":"size=1&page=2","ip":"::1","user-agent":"PostmanRuntime/7.29.0","errors":"","cost":0.0039196}
{"level":"INFO","time":"2022-07-16T11:16:57.298+0800","caller":"logger/logger.go:76","msg":"/api/v1/posts","status":200,"method":"GET","path":"/api/v1/posts","query":"size=1&page=3","ip":"::1","user-agent":"PostmanRuntime/7.29.0","errors":"","cost":0.0030647}
{"level":"INFO","time":"2022-07-16T11:17:02.114+0800","caller":"logger/logger.go:76","msg":"/api/v1/posts","status":200,"method":"GET","path":"/api/v1/posts","query":"size=1&page=4","ip":"::1","user-agent":"PostmanRuntime/7.29.0","errors":"","cost":0.0064529}
{"level":"INFO","time":"2022-07-16T11:17:08.329+0800","caller":"logger/logger.go:76","msg":"/api/v1/posts","status":200,"method":"GET","path":"/api/v1/posts","query":"size=3&page=1","ip":"::1","user-agent":"PostmanRuntime/7.29.0","errors":"","cost":0.0107284}
{"level":"INFO","time":"2022-07-16T11:45:32.809+0800","caller":"logger/logger.go:76","msg":"/api/v1/posts","status":200,"method":"GET","path":"/api/v1/posts","query":"size=3&page=1","ip":"::1","user-agent":"PostmanRuntime/7.29.0","errors":"","cost":0.0066883}
{"level":"DEBUG","time":"2022-07-16T11:45:50.873+0800","caller":"bluebell/main.go:27","msg":"logger init success。。。"}
{"level":"INFO","time":"2022-07-16T11:45:53.258+0800","caller":"logger/logger.go:76","msg":"/api/v1/posts","status":200,"method":"GET","path":"/api/v1/posts","query":"size=3&page=1","ip":"::1","user-agent":"PostmanRuntime/7.29.0","errors":"","cost":0.0095205}
{"level":"INFO","time":"2022-07-16T11:46:15.289+0800","caller":"logger/logger.go:76","msg":"/api/v1/post","status":200,"method":"GET","path":"/api/v1/post","query":"","ip":"::1","user-agent":"PostmanRuntime/7.29.0","errors":"","cost":0.0004997}
{"level":"INFO","time":"2022-07-16T11:46:21.456+0800","caller":"logger/logger.go:76","msg":"/api/v1/post/270000372716670976","status":200,"method":"GET","path":"/api/v1/post/270000372716670976","query":"","ip":"::1","user-agent":"PostmanRuntime/7.29.0","errors":"","cost":0}
{"level":"INFO","time":"2022-07-16T11:46:37.335+0800","caller":"logger/logger.go:76","msg":"/api/v1/post/270000372716670976","status":200,"method":"GET","path":"/api/v1/post/270000372716670976","query":"","ip":"::1","user-agent":"PostmanRuntime/7.29.0","errors":"","cost":0.0034262}
{"level":"DEBUG","time":"2022-07-18T14:33:24.367+0800","caller":"bluebell/main.go:27","msg":"logger init success。。。"}
{"level":"INFO","time":"2022-07-18T14:33:39.671+0800","caller":"logger/logger.go:76","msg":"/api/v1/login","status":200,"method":"POST","path":"/api/v1/login","query":"","ip":"::1","user-agent":"PostmanRuntime/7.29.0","errors":"","cost":0.0452984}
{"level":"DEBUG","time":"2022-07-18T14:33:53.516+0800","caller":"controller/post.go:16","msg":"**c.shouldBindJson(p) error","err":"json: invalid use of ,string struct tag, trying to unmarshal unquoted value into int64"}
{"level":"ERROR","time":"2022-07-18T14:33:53.517+0800","caller":"controller/post.go:17","msg":"***create post with invalid param","error":"json: invalid use of ,string struct tag, trying to unmarshal unquoted value into int64"}
{"level":"INFO","time":"2022-07-18T14:33:53.517+0800","caller":"logger/logger.go:76","msg":"/api/v1/post","status":200,"method":"POST","path":"/api/v1/post","query":"","ip":"::1","user-agent":"PostmanRuntime/7.29.0","errors":"","cost":0.0017053}
{"level":"INFO","time":"2022-07-18T14:34:31.077+0800","caller":"logger/logger.go:76","msg":"/api/v1/post/270000372716670976","status":200,"method":"GET","path":"/api/v1/post/270000372716670976","query":"","ip":"::1","user-agent":"PostmanRuntime/7.29.0","errors":"","cost":0.0255548}
{"level":"INFO","time":"2022-07-18T14:34:47.331+0800","caller":"logger/logger.go:76","msg":"/api/v1/posts","status":200,"method":"GET","path":"/api/v1/posts","query":"size=3&page=1","ip":"::1","user-agent":"PostmanRuntime/7.29.0","errors":"","cost":0.0000602}
{"level":"INFO","time":"2022-07-18T14:35:06.792+0800","caller":"logger/logger.go:76","msg":"/api/v1/vote","status":200,"method":"GET","path":"/api/v1/vote","query":"","ip":"::1","user-agent":"PostmanRuntime/7.29.0","errors":"","cost":0.0010008}
{"level":"INFO","time":"2022-07-18T14:37:48.887+0800","caller":"logger/logger.go:76","msg":"/api/v1/vote","status":200,"method":"POST","path":"/api/v1/vote","query":"","ip":"::1","user-agent":"PostmanRuntime/7.29.0","errors":"","cost":0.0018334}
{"level":"INFO","time":"2022-07-18T14:38:18.602+0800","caller":"logger/logger.go:76","msg":"/api/v1/vote","status":200,"method":"POST","path":"/api/v1/vote","query":"","ip":"::1","user-agent":"PostmanRuntime/7.29.0","errors":"","cost":0}
{"level":"DEBUG","time":"2022-07-18T14:38:27.706+0800","caller":"bluebell/main.go:27","msg":"logger init success。。。"}
{"level":"INFO","time":"2022-07-18T14:38:31.465+0800","caller":"logger/logger.go:76","msg":"/api/v1/vote","status":200,"method":"POST","path":"/api/v1/vote","query":"","ip":"::1","user-agent":"PostmanRuntime/7.29.0","errors":"","cost":0}
{"level":"INFO","time":"2022-07-18T14:38:42.458+0800","caller":"logger/logger.go:76","msg":"/api/v1/vote","status":200,"method":"POST","path":"/api/v1/vote","query":"","ip":"::1","user-agent":"PostmanRuntime/7.29.0","errors":"","cost":0}
{"level":"INFO","time":"2022-07-18T14:38:55.595+0800","caller":"logger/logger.go:76","msg":"/api/v1/vote","status":200,"method":"POST","path":"/api/v1/vote","query":"","ip":"::1","user-agent":"PostmanRuntime/7.29.0","errors":"","cost":0.0005712}
{"level":"INFO","time":"2022-07-18T14:39:00.668+0800","caller":"logger/logger.go:76","msg":"/api/v1/vote","status":200,"method":"POST","path":"/api/v1/vote","query":"","ip":"::1","user-agent":"PostmanRuntime/7.29.0","errors":"","cost":0.0007237}
{"level":"DEBUG","time":"2022-07-18T17:15:39.672+0800","caller":"bluebell/main.go:27","msg":"logger init success。。。"}
{"level":"INFO","time":"2022-07-18T17:16:02.978+0800","caller":"logger/logger.go:76","msg":"/api/v1/vote","status":200,"method":"POST","path":"/api/v1/vote","query":"","ip":"::1","user-agent":"PostmanRuntime/7.29.0","errors":"","cost":0.002709}
{"level":"INFO","time":"2022-07-18T17:16:09.283+0800","caller":"logger/logger.go:76","msg":"/api/v1/login","status":200,"method":"POST","path":"/api/v1/login","query":"","ip":"::1","user-agent":"PostmanRuntime/7.29.0","errors":"","cost":0.0518882}
{"level":"INFO","time":"2022-07-18T17:16:17.771+0800","caller":"logger/logger.go:76","msg":"/api/v1/vote","status":200,"method":"POST","path":"/api/v1/vote","query":"","ip":"::1","user-agent":"PostmanRuntime/7.29.0","errors":"","cost":0.0010784}
{"level":"DEBUG","time":"2022-07-18T17:16:23.422+0800","caller":"logic/vote.go:32","msg":"VoteForPost","userID":268932936999374848,"postID":"270000372716670976","direction":1}
{"level":"ERROR","time":"2022-07-18T17:16:23.425+0800","caller":"controller/vote.go:33","msg":"logic.VoteForPost() failed","error":"投票时间已过"}
{"level":"INFO","time":"2022-07-18T17:16:23.426+0800","caller":"logger/logger.go:76","msg":"/api/v1/vote","status":200,"method":"POST","path":"/api/v1/vote","query":"","ip":"::1","user-agent":"PostmanRuntime/7.29.0","errors":"","cost":0.0042647}
{"level":"DEBUG","time":"2022-07-18T17:17:08.322+0800","caller":"controller/post.go:16","msg":"**c.shouldBindJson(p) error","err":"json: invalid use of ,string struct tag, trying to unmarshal unquoted value into int64"}
{"level":"ERROR","time":"2022-07-18T17:17:08.323+0800","caller":"controller/post.go:17","msg":"***create post with invalid param","error":"json: invalid use of ,string struct tag, trying to unmarshal unquoted value into int64"}
{"level":"INFO","time":"2022-07-18T17:17:08.323+0800","caller":"logger/logger.go:76","msg":"/api/v1/post","status":200,"method":"POST","path":"/api/v1/post","query":"","ip":"::1","user-agent":"PostmanRuntime/7.29.0","errors":"","cost":0.0025053}
{"level":"INFO","time":"2022-07-18T17:18:03.247+0800","caller":"logger/logger.go:76","msg":"/api/v1/post","status":200,"method":"POST","path":"/api/v1/post","query":"","ip":"::1","user-agent":"PostmanRuntime/7.29.0","errors":"","cost":0.088652}
{"level":"INFO","time":"2022-07-18T17:18:15.090+0800","caller":"logger/logger.go:76","msg":"/api/v1/post","status":200,"method":"GET","path":"/api/v1/post","query":"","ip":"::1","user-agent":"PostmanRuntime/7.29.0","errors":"","cost":0.000963}
{"level":"INFO","time":"2022-07-18T17:18:17.187+0800","caller":"logger/logger.go:76","msg":"/api/v1/post","status":200,"method":"GET","path":"/api/v1/post","query":"","ip":"::1","user-agent":"PostmanRuntime/7.29.0","errors":"","cost":0}
{"level":"INFO","time":"2022-07-18T17:18:47.810+0800","caller":"logger/logger.go:76","msg":"/api/v1/posts","status":200,"method":"GET","path":"/api/v1/posts","query":"","ip":"::1","user-agent":"PostmanRuntime/7.29.0","errors":"","cost":0.0006708}
{"level":"INFO","time":"2022-07-18T17:18:58.860+0800","caller":"logger/logger.go:76","msg":"/api/v1/posts","status":200,"method":"GET","path":"/api/v1/posts","query":"","ip":"::1","user-agent":"PostmanRuntime/7.29.0","errors":"","cost":0.0484519}
{"level":"DEBUG","time":"2022-07-18T17:19:27.549+0800","caller":"logic/vote.go:32","msg":"VoteForPost","userID":268932936999374848,"postID":"270844174150930432","direction":1}
{"level":"ERROR","time":"2022-07-18T17:19:27.552+0800","caller":"controller/vote.go:33","msg":"logic.VoteForPost() failed","error":"投票时间已过"}
{"level":"INFO","time":"2022-07-18T17:19:27.552+0800","caller":"logger/logger.go:76","msg":"/api/v1/vote","status":200,"method":"POST","path":"/api/v1/vote","query":"","ip":"::1","user-agent":"PostmanRuntime/7.29.0","errors":"","cost":0.0045329}
{"level":"DEBUG","time":"2022-07-18T17:20:11.984+0800","caller":"logic/vote.go:32","msg":"VoteForPost","userID":268932936999374848,"postID":"270844174150930432","direction":1}
{"level":"ERROR","time":"2022-07-18T17:20:11.986+0800","caller":"controller/vote.go:33","msg":"logic.VoteForPost() failed","error":"投票时间已过"}
{"level":"INFO","time":"2022-07-18T17:20:11.986+0800","caller":"logger/logger.go:76","msg":"/api/v1/vote","status":200,"method":"POST","path":"/api/v1/vote","query":"","ip":"::1","user-agent":"PostmanRuntime/7.29.0","errors":"","cost":0.0011912}
{"level":"DEBUG","time":"2022-07-18T17:23:06.729+0800","caller":"logic/vote.go:32","msg":"VoteForPost","userID":268932936999374848,"postID":"270844174150930432","direction":1}
{"level":"ERROR","time":"2022-07-18T17:23:06.735+0800","caller":"controller/vote.go:33","msg":"logic.VoteForPost() failed","error":"投票时间已过"}
{"level":"INFO","time":"2022-07-18T17:23:06.736+0800","caller":"logger/logger.go:76","msg":"/api/v1/vote","status":200,"method":"POST","path":"/api/v1/vote","query":"","ip":"::1","user-agent":"PostmanRuntime/7.29.0","errors":"","cost":0.0097452}
{"level":"DEBUG","time":"2022-07-18T17:23:17.754+0800","caller":"bluebell/main.go:27","msg":"logger init success。。。"}
{"level":"DEBUG","time":"2022-07-18T17:23:20.184+0800","caller":"logic/vote.go:32","msg":"VoteForPost","userID":268932936999374848,"postID":"270844174150930432","direction":1}
{"level":"ERROR","time":"2022-07-18T17:23:20.185+0800","caller":"controller/vote.go:33","msg":"logic.VoteForPost() failed","error":"投票时间已过"}
{"level":"INFO","time":"2022-07-18T17:23:20.187+0800","caller":"logger/logger.go:76","msg":"/api/v1/vote","status":200,"method":"POST","path":"/api/v1/vote","query":"","ip":"::1","user-agent":"PostmanRuntime/7.29.0","errors":"","cost":0.0032226}
{"level":"DEBUG","time":"2022-07-18T17:28:07.728+0800","caller":"bluebell/main.go:27","msg":"logger init success。。。"}
{"level":"DEBUG","time":"2022-07-18T17:28:10.196+0800","caller":"logic/vote.go:32","msg":"VoteForPost","userID":268932936999374848,"postID":"270844174150930432","direction":1}
{"level":"INFO","time":"2022-07-18T17:28:10.198+0800","caller":"logger/logger.go:76","msg":"/api/v1/vote","status":200,"method":"POST","path":"/api/v1/vote","query":"","ip":"::1","user-agent":"PostmanRuntime/7.29.0","errors":"","cost":0.0039169}
{"level":"DEBUG","time":"2022-07-18T17:28:15.577+0800","caller":"logic/vote.go:32","msg":"VoteForPost","userID":268932936999374848,"postID":"270844174150930432","direction":1}
{"level":"INFO","time":"2022-07-18T17:28:15.579+0800","caller":"logger/logger.go:76","msg":"/api/v1/vote","status":200,"method":"POST","path":"/api/v1/vote","query":"","ip":"::1","user-agent":"PostmanRuntime/7.29.0","errors":"","cost":0.0013619}
{"level":"DEBUG","time":"2022-07-18T17:28:16.642+0800","caller":"logic/vote.go:32","msg":"VoteForPost","userID":268932936999374848,"postID":"270844174150930432","direction":1}
{"level":"INFO","time":"2022-07-18T17:28:16.644+0800","caller":"logger/logger.go:76","msg":"/api/v1/vote","status":200,"method":"POST","path":"/api/v1/vote","query":"","ip":"::1","user-agent":"PostmanRuntime/7.29.0","errors":"","cost":0.0016386}
{"level":"DEBUG","time":"2022-07-18T17:28:17.447+0800","caller":"logic/vote.go:32","msg":"VoteForPost","userID":268932936999374848,"postID":"270844174150930432","direction":1}
{"level":"INFO","time":"2022-07-18T17:28:17.449+0800","caller":"logger/logger.go:76","msg":"/api/v1/vote","status":200,"method":"POST","path":"/api/v1/vote","query":"","ip":"::1","user-agent":"PostmanRuntime/7.29.0","errors":"","cost":0.0027361}
{"level":"DEBUG","time":"2022-07-18T17:30:59.112+0800","caller":"bluebell/main.go:27","msg":"logger init success。。。"}
{"level":"DEBUG","time":"2022-07-18T17:31:02.941+0800","caller":"logic/vote.go:32","msg":"VoteForPost","userID":268932936999374848,"postID":"270844174150930432","direction":1}
{"level":"INFO","time":"2022-07-18T17:31:02.942+0800","caller":"logger/logger.go:76","msg":"/api/v1/vote","status":200,"method":"POST","path":"/api/v1/vote","query":"","ip":"::1","user-agent":"PostmanRuntime/7.29.0","errors":"","cost":0.001829}
{"level":"DEBUG","time":"2022-07-18T17:31:06.434+0800","caller":"logic/vote.go:32","msg":"VoteForPost","userID":268932936999374848,"postID":"270844174150930432","direction":0}
{"level":"ERROR","time":"2022-07-18T17:31:06.435+0800","caller":"controller/vote.go:33","msg":"logic.VoteForPost() failed","error":"不允许重复投票"}
{"level":"INFO","time":"2022-07-18T17:31:06.436+0800","caller":"logger/logger.go:76","msg":"/api/v1/vote","status":200,"method":"POST","path":"/api/v1/vote","query":"","ip":"::1","user-agent":"PostmanRuntime/7.29.0","errors":"","cost":0.001852}
{"level":"DEBUG","time":"2022-07-18T17:31:21.543+0800","caller":"logic/vote.go:32","msg":"VoteForPost","userID":268932936999374848,"postID":"270844174150930432","direction":0}
{"level":"ERROR","time":"2022-07-18T17:31:21.544+0800","caller":"controller/vote.go:33","msg":"logic.VoteForPost() failed","error":"不允许重复投票"}
{"level":"INFO","time":"2022-07-18T17:31:21.545+0800","caller":"logger/logger.go:76","msg":"/api/v1/vote","status":200,"method":"POST","path":"/api/v1/vote","query":"","ip":"::1","user-agent":"PostmanRuntime/7.29.0","errors":"","cost":0.0018634}
{"level":"DEBUG","time":"2022-07-18T17:31:26.771+0800","caller":"logic/vote.go:32","msg":"VoteForPost","userID":268932936999374848,"postID":"270844174150930432","direction":1}
{"level":"INFO","time":"2022-07-18T17:31:26.772+0800","caller":"logger/logger.go:76","msg":"/api/v1/vote","status":200,"method":"POST","path":"/api/v1/vote","query":"","ip":"::1","user-agent":"PostmanRuntime/7.29.0","errors":"","cost":0.0017869}
{"level":"DEBUG","time":"2022-07-18T17:31:32.459+0800","caller":"logic/vote.go:32","msg":"VoteForPost","userID":268932936999374848,"postID":"270844174150930432","direction":1}
{"level":"INFO","time":"2022-07-18T17:31:32.461+0800","caller":"logger/logger.go:76","msg":"/api/v1/vote","status":200,"method":"POST","path":"/api/v1/vote","query":"","ip":"::1","user-agent":"PostmanRuntime/7.29.0","errors":"","cost":0.0017954}
{"level":"DEBUG","time":"2022-07-18T17:34:57.805+0800","caller":"logic/vote.go:32","msg":"VoteForPost","userID":268932936999374848,"postID":"270844174150930432","direction":1}
{"level":"INFO","time":"2022-07-18T17:34:57.807+0800","caller":"logger/logger.go:76","msg":"/api/v1/vote","status":200,"method":"POST","path":"/api/v1/vote","query":"","ip":"::1","user-agent":"PostmanRuntime/7.29.0","errors":"","cost":0.0026712}
{"level":"DEBUG","time":"2022-07-18T17:35:02.058+0800","caller":"logic/vote.go:32","msg":"VoteForPost","userID":268932936999374848,"postID":"270844174150930432","direction":0}
{"level":"ERROR","time":"2022-07-18T17:35:02.060+0800","caller":"controller/vote.go:33","msg":"logic.VoteForPost() failed","error":"不允许重复投票"}
{"level":"INFO","time":"2022-07-18T17:35:02.060+0800","caller":"logger/logger.go:76","msg":"/api/v1/vote","status":200,"method":"POST","path":"/api/v1/vote","query":"","ip":"::1","user-agent":"PostmanRuntime/7.29.0","errors":"","cost":0.0020353}
{"level":"DEBUG","time":"2022-07-18T17:41:17.440+0800","caller":"bluebell/main.go:27","msg":"logger init success。。。"}
{"level":"DEBUG","time":"2022-07-18T17:41:21.330+0800","caller":"logic/vote.go:32","msg":"VoteForPost","userID":268932936999374848,"postID":"270844174150930432","direction":0}
{"level":"INFO","time":"2022-07-18T17:41:21.335+0800","caller":"logger/logger.go:76","msg":"/api/v1/vote","status":200,"method":"POST","path":"/api/v1/vote","query":"","ip":"::1","user-agent":"PostmanRuntime/7.29.0","errors":"","cost":0.0062078}
{"level":"DEBUG","time":"2022-07-18T17:41:22.968+0800","caller":"logic/vote.go:32","msg":"VoteForPost","userID":268932936999374848,"postID":"270844174150930432","direction":0}
{"level":"ERROR","time":"2022-07-18T17:41:22.970+0800","caller":"controller/vote.go:33","msg":"logic.VoteForPost() failed","error":"不允许重复投票"}
{"level":"INFO","time":"2022-07-18T17:41:22.970+0800","caller":"logger/logger.go:76","msg":"/api/v1/vote","status":200,"method":"POST","path":"/api/v1/vote","query":"","ip":"::1","user-agent":"PostmanRuntime/7.29.0","errors":"","cost":0.0028056}
{"level":"DEBUG","time":"2022-07-18T17:41:27.557+0800","caller":"logic/vote.go:32","msg":"VoteForPost","userID":268932936999374848,"postID":"270844174150930432","direction":1}
{"level":"INFO","time":"2022-07-18T17:41:27.558+0800","caller":"logger/logger.go:76","msg":"/api/v1/vote","status":200,"method":"POST","path":"/api/v1/vote","query":"","ip":"::1","user-agent":"PostmanRuntime/7.29.0","errors":"","cost":0.0014065}
{"level":"DEBUG","time":"2022-07-18T17:41:29.369+0800","caller":"logic/vote.go:32","msg":"VoteForPost","userID":268932936999374848,"postID":"270844174150930432","direction":1}
{"level":"ERROR","time":"2022-07-18T17:41:29.372+0800","caller":"controller/vote.go:33","msg":"logic.VoteForPost() failed","error":"不允许重复投票"}
{"level":"INFO","time":"2022-07-18T17:41:29.373+0800","caller":"logger/logger.go:76","msg":"/api/v1/vote","status":200,"method":"POST","path":"/api/v1/vote","query":"","ip":"::1","user-agent":"PostmanRuntime/7.29.0","errors":"","cost":0.0033662}
{"level":"INFO","time":"2022-07-18T17:46:28.412+0800","caller":"logger/logger.go:76","msg":"/api/v1/community/1","status":200,"method":"GET","path":"/api/v1/community/1","query":"","ip":"::1","user-agent":"PostmanRuntime/7.29.0","errors":"","cost":0.0574396}
{"level":"INFO","time":"2022-07-18T17:46:36.355+0800","caller":"logger/logger.go:76","msg":"/api/v1/community","status":200,"method":"GET","path":"/api/v1/community","query":"","ip":"::1","user-agent":"PostmanRuntime/7.29.0","errors":"","cost":0.0080517}
{"level":"DEBUG","time":"2022-07-19T11:51:21.652+0800","caller":"bluebell/main.go:27","msg":"logger init success。。。"}
{"level":"INFO","time":"2022-07-19T11:51:49.990+0800","caller":"logger/logger.go:76","msg":"/api/v1/login","status":200,"method":"POST","path":"/api/v1/login","query":"","ip":"::1","user-agent":"PostmanRuntime/7.29.0","errors":"","cost":0.0787087}
{"level":"DEBUG","time":"2022-07-19T11:52:10.629+0800","caller":"logic/post.go:103","msg":"GetPostList2","ids":["270844174150930432"]}
{"level":"DEBUG","time":"2022-07-19T11:52:10.655+0800","caller":"logic/post.go:111","msg":"GetPostList2","posts":[{"id":"270844174150930432","author_id":"268932936999374848","community_id":"3","status":0,"title":"测试投票系统","content":"惊醒测试。。。","create_time":"2022-07-18T17:18:03Z"}]}
{"level":"INFO","time":"2022-07-19T11:52:10.667+0800","caller":"logger/logger.go:76","msg":"/api/v1/posts2","status":200,"method":"GET","path":"/api/v1/posts2","query":"","ip":"::1","user-agent":"PostmanRuntime/7.29.0","errors":"","cost":0.0426758}
{"level":"DEBUG","time":"2022-07-19T15:09:12.711+0800","caller":"bluebell/main.go:27","msg":"logger init success。。。"}
{"level":"INFO","time":"2022-07-19T15:09:24.918+0800","caller":"logger/logger.go:76","msg":"/api/v1/login","status":200,"method":"POST","path":"/api/v1/login","query":"","ip":"::1","user-agent":"PostmanRuntime/7.29.0","errors":"","cost":0.069742}
{"level":"DEBUG","time":"2022-07-19T15:09:35.925+0800","caller":"logic/post.go:103","msg":"GetPostList2","ids":["270844174150930432"]}
{"level":"DEBUG","time":"2022-07-19T15:09:35.941+0800","caller":"logic/post.go:111","msg":"GetPostList2","posts":[{"id":"270844174150930432","author_id":"268932936999374848","community_id":"3","status":0,"title":"测试投票系统","content":"惊醒测试。。。","create_time":"2022-07-18T17:18:03Z"}]}
{"level":"INFO","time":"2022-07-19T15:09:35.952+0800","caller":"logger/logger.go:76","msg":"/api/v1/posts2","status":200,"method":"GET","path":"/api/v1/posts2","query":"","ip":"::1","user-agent":"PostmanRuntime/7.29.0","errors":"","cost":0.0307943}
{"level":"DEBUG","time":"2022-07-19T15:10:09.580+0800","caller":"logic/vote.go:32","msg":"VoteForPost","userID":268932936999374848,"postID":"270844174150930432","direction":-1}
{"level":"INFO","time":"2022-07-19T15:10:09.586+0800","caller":"logger/logger.go:76","msg":"/api/v1/vote","status":200,"method":"POST","path":"/api/v1/vote","query":"","ip":"::1","user-agent":"PostmanRuntime/7.29.0","errors":"","cost":0.0056582}
{"level":"DEBUG","time":"2022-07-19T15:10:14.816+0800","caller":"logic/post.go:103","msg":"GetPostList2","ids":["270844174150930432"]}
{"level":"DEBUG","time":"2022-07-19T15:10:14.819+0800","caller":"logic/post.go:111","msg":"GetPostList2","posts":[{"id":"270844174150930432","author_id":"268932936999374848","community_id":"3","status":0,"title":"测试投票系统","content":"惊醒测试。。。","create_time":"2022-07-18T17:18:03Z"}]}
{"level":"INFO","time":"2022-07-19T15:10:14.823+0800","caller":"logger/logger.go:76","msg":"/api/v1/posts2","status":200,"method":"GET","path":"/api/v1/posts2","query":"","ip":"::1","user-agent":"PostmanRuntime/7.29.0","errors":"","cost":0.0080438}
{"level":"DEBUG","time":"2022-07-19T15:10:21.623+0800","caller":"logic/vote.go:32","msg":"VoteForPost","userID":268932936999374848,"postID":"270844174150930432","direction":-1}
{"level":"ERROR","time":"2022-07-19T15:10:21.624+0800","caller":"controller/vote.go:33","msg":"logic.VoteForPost() failed","error":"不允许重复投票"}
{"level":"INFO","time":"2022-07-19T15:10:21.625+0800","caller":"logger/logger.go:76","msg":"/api/v1/vote","status":200,"method":"POST","path":"/api/v1/vote","query":"","ip":"::1","user-agent":"PostmanRuntime/7.29.0","errors":"","cost":0.0020054}
{"level":"DEBUG","time":"2022-07-19T15:10:27.069+0800","caller":"logic/post.go:103","msg":"GetPostList2","ids":["270844174150930432"]}
{"level":"DEBUG","time":"2022-07-19T15:10:27.073+0800","caller":"logic/post.go:111","msg":"GetPostList2","posts":[{"id":"270844174150930432","author_id":"268932936999374848","community_id":"3","status":0,"title":"测试投票系统","content":"惊醒测试。。。","create_time":"2022-07-18T17:18:03Z"}]}
{"level":"INFO","time":"2022-07-19T15:10:27.077+0800","caller":"logger/logger.go:76","msg":"/api/v1/posts2","status":200,"method":"GET","path":"/api/v1/posts2","query":"","ip":"::1","user-agent":"PostmanRuntime/7.29.0","errors":"","cost":0.0076541}
{"level":"DEBUG","time":"2022-07-19T15:10:37.986+0800","caller":"logic/vote.go:32","msg":"VoteForPost","userID":268932936999374848,"postID":"270844174150930432","direction":0}
{"level":"INFO","time":"2022-07-19T15:10:37.988+0800","caller":"logger/logger.go:76","msg":"/api/v1/vote","status":200,"method":"POST","path":"/api/v1/vote","query":"","ip":"::1","user-agent":"PostmanRuntime/7.29.0","errors":"","cost":0.0020333}
{"level":"DEBUG","time":"2022-07-19T15:10:41.547+0800","caller":"logic/post.go:103","msg":"GetPostList2","ids":["270844174150930432"]}
{"level":"DEBUG","time":"2022-07-19T15:10:41.548+0800","caller":"logic/post.go:111","msg":"GetPostList2","posts":[{"id":"270844174150930432","author_id":"268932936999374848","community_id":"3","status":0,"title":"测试投票系统","content":"惊醒测试。。。","create_time":"2022-07-18T17:18:03Z"}]}
{"level":"INFO","time":"2022-07-19T15:10:41.549+0800","caller":"logger/logger.go:76","msg":"/api/v1/posts2","status":200,"method":"GET","path":"/api/v1/posts2","query":"","ip":"::1","user-agent":"PostmanRuntime/7.29.0","errors":"","cost":0.0024447}
{"level":"DEBUG","time":"2022-07-19T15:10:59.771+0800","caller":"logic/vote.go:32","msg":"VoteForPost","userID":268932936999374848,"postID":"270844174150930432","direction":-1}
{"level":"INFO","time":"2022-07-19T15:10:59.772+0800","caller":"logger/logger.go:76","msg":"/api/v1/vote","status":200,"method":"POST","path":"/api/v1/vote","query":"","ip":"::1","user-agent":"PostmanRuntime/7.29.0","errors":"","cost":0.0011878}
{"level":"DEBUG","time":"2022-07-19T15:11:03.715+0800","caller":"logic/post.go:103","msg":"GetPostList2","ids":["270844174150930432"]}
{"level":"DEBUG","time":"2022-07-19T15:11:03.716+0800","caller":"logic/post.go:111","msg":"GetPostList2","posts":[{"id":"270844174150930432","author_id":"268932936999374848","community_id":"3","status":0,"title":"测试投票系统","content":"惊醒测试。。。","create_time":"2022-07-18T17:18:03Z"}]}
{"level":"INFO","time":"2022-07-19T15:11:03.717+0800","caller":"logger/logger.go:76","msg":"/api/v1/posts2","status":200,"method":"GET","path":"/api/v1/posts2","query":"","ip":"::1","user-agent":"PostmanRuntime/7.29.0","errors":"","cost":0.003539}
{"level":"DEBUG","time":"2022-07-19T15:11:14.808+0800","caller":"logic/vote.go:32","msg":"VoteForPost","userID":268932936999374848,"postID":"270844174150930432","direction":1}
{"level":"INFO","time":"2022-07-19T15:11:14.809+0800","caller":"logger/logger.go:76","msg":"/api/v1/vote","status":200,"method":"POST","path":"/api/v1/vote","query":"","ip":"::1","user-agent":"PostmanRuntime/7.29.0","errors":"","cost":0.0022844}
{"level":"DEBUG","time":"2022-07-19T15:11:18.769+0800","caller":"logic/post.go:103","msg":"GetPostList2","ids":["270844174150930432"]}
{"level":"DEBUG","time":"2022-07-19T15:11:18.770+0800","caller":"logic/post.go:111","msg":"GetPostList2","posts":[{"id":"270844174150930432","author_id":"268932936999374848","community_id":"3","status":0,"title":"测试投票系统","content":"惊醒测试。。。","create_time":"2022-07-18T17:18:03Z"}]}
{"level":"INFO","time":"2022-07-19T15:11:18.772+0800","caller":"logger/logger.go:76","msg":"/api/v1/posts2","status":200,"method":"GET","path":"/api/v1/posts2","query":"","ip":"::1","user-agent":"PostmanRuntime/7.29.0","errors":"","cost":0.0035422}
{"level":"DEBUG","time":"2022-07-20T10:20:44.693+0800","caller":"bluebell/main.go:27","msg":"logger init success。。。"}
{"level":"DEBUG","time":"2022-08-19T14:46:05.738+0800","caller":"bluebell/main.go:27","msg":"logger init success。。。"}
{"level":"DEBUG","time":"2022-09-19T19:13:33.433+0800","caller":"bluebell/main.go:27","msg":"logger init success。。。"}
{"level":"DEBUG","time":"2022-10-06T10:32:46.796+0800","caller":"bluebell/main.go:27","msg":"logger init success。。。"}
{"level":"DEBUG","time":"2022-10-06T10:33:47.500+0800","caller":"bluebell/main.go:27","msg":"logger init success。。。"}
{"level":"DEBUG","time":"2022-10-06T10:55:16.081+0800","caller":"bluebell/main.go:27","msg":"logger init success。。。"}
{"level":"DEBUG","time":"2022-10-06T10:55:37.357+0800","caller":"bluebell/main.go:27","msg":"logger init success。。。"}
{"level":"DEBUG","time":"2022-10-06T12:09:53.915+0800","caller":"bluebell/main.go:27","msg":"logger init success。。。"}
{"level":"INFO","time":"2022-10-06T12:13:01.323+0800","caller":"logger/logger.go:77","msg":"/api/v1/login","status":200,"method":"GET","path":"/api/v1/login","query":"","ip":"::1","user-agent":"PostmanRuntime/7.29.2","errors":"","cost":0.0009925}
{"level":"ERROR","time":"2022-10-06T12:14:31.853+0800","caller":"controller/user.go:72","msg":"Logic.Login failed","username":"hmx","error":"用户不存在"}
{"level":"INFO","time":"2022-10-06T12:14:31.853+0800","caller":"logger/logger.go:77","msg":"/api/v1/login","status":200,"method":"POST","path":"/api/v1/login","query":"","ip":"::1","user-agent":"PostmanRuntime/7.29.2","errors":"","cost":0.0189262}
{"level":"INFO","time":"2022-10-06T12:14:38.837+0800","caller":"logger/logger.go:77","msg":"/api/v1/login","status":200,"method":"POST","path":"/api/v1/login","query":"","ip":"::1","user-agent":"PostmanRuntime/7.29.2","errors":"","cost":0.0015252}
{"level":"INFO","time":"2022-10-06T12:14:51.577+0800","caller":"logger/logger.go:77","msg":"/api/v1/community","status":200,"method":"GET","path":"/api/v1/community","query":"","ip":"::1","user-agent":"PostmanRuntime/7.29.2","errors":"","cost":0.0012262}
{"level":"DEBUG","time":"2022-10-06T12:21:42.081+0800","caller":"bluebell/main.go:27","msg":"logger init success。。。"}
{"level":"DEBUG","time":"2022-10-06T12:22:28.934+0800","caller":"bluebell/main.go:27","msg":"logger init success。。。"}
{"level":"INFO","time":"2022-10-06T12:33:43.264+0800","caller":"logger/logger.go:77","msg":"/api/v1/post","status":200,"method":"POST","path":"/api/v1/post","query":"","ip":"::1","user-agent":"PostmanRuntime/7.29.2","errors":"","cost":0}
{"level":"INFO","time":"2022-10-06T12:33:49.624+0800","caller":"logger/logger.go:77","msg":"/api/v1/post","status":200,"method":"POST","path":"/api/v1/post","query":"","ip":"::1","user-agent":"PostmanRuntime/7.29.2","errors":"","cost":0.0431271}
{"level":"DEBUG","time":"2022-10-06T12:38:33.197+0800","caller":"logic/post.go:104","msg":"GetPostList2","ids":["299763675516899328","270844174150930432"]}
{"level":"DEBUG","time":"2022-10-06T12:38:33.212+0800","caller":"logic/post.go:112","msg":"GetPostList2","posts":[{"id":"299763675516899328","author_id":"268932936999374848","community_id":"3","status":0,"title":"测试投票系统002","content":"惊醒测试。。。","create_time":"2022-10-06T12:33:49Z"},{"id":"270844174150930432","author_id":"268932936999374848","community_id":"3","status":0,"title":"测试投票系统","content":"惊醒测试。。。","create_time":"2022-07-18T17:18:03Z"}]}
{"level":"INFO","time":"2022-10-06T12:38:33.221+0800","caller":"logger/logger.go:77","msg":"/api/v1/posts2","status":200,"method":"GET","path":"/api/v1/posts2","query":"","ip":"::1","user-agent":"PostmanRuntime/7.29.2","errors":"","cost":0.0284067}
{"level":"ERROR","time":"2022-10-06T12:41:52.142+0800","caller":"logic/post.go:28","msg":"mysql.GetPostById(ID) failed","pid":1,"error":"sql: no rows in result set"}
{"level":"ERROR","time":"2022-10-06T12:41:52.143+0800","caller":"controller/post.go:53","msg":"logic.GetPostById(pid) failed","error":"sql: no rows in result set"}
{"level":"INFO","time":"2022-10-06T12:41:52.143+0800","caller":"logger/logger.go:77","msg":"/api/v1/post/1","status":200,"method":"GET","path":"/api/v1/post/1","query":"","ip":"::1","user-agent":"PostmanRuntime/7.29.2","errors":"","cost":0.0010817}
{"level":"INFO","time":"2022-10-06T12:42:43.053+0800","caller":"logger/logger.go:77","msg":"/api/v1/post/270000372716670976","status":200,"method":"GET","path":"/api/v1/post/270000372716670976","query":"","ip":"::1","user-agent":"PostmanRuntime/7.29.2","errors":"","cost":0.0025511}
{"level":"INFO","time":"2022-10-06T12:52:44.646+0800","caller":"logger/logger.go:77","msg":"/api/v1/posts","status":200,"method":"GET","path":"/api/v1/posts","query":"size=3&page=1","ip":"::1","user-agent":"PostmanRuntime/7.29.2","errors":"","cost":0.010574}
{"level":"DEBUG","time":"2022-10-07T09:43:37.981+0800","caller":"bluebell/main.go:27","msg":"logger init success。。。"}
{"level":"ERROR","time":"2022-10-07T09:43:43.144+0800","caller":"controller/user.go:72","msg":"Logic.Login failed","username":"mhx0101","error":"用户不存在"}
{"level":"INFO","time":"2022-10-07T09:43:43.144+0800","caller":"logger/logger.go:78","msg":"/api/v1/login","status":200,"method":"POST","path":"/api/v1/login","query":"","ip":"::1","user-agent":"PostmanRuntime/7.29.2","errors":"","cost":0.0040662}
{"level":"DEBUG","time":"2022-10-07T12:31:36.562+0800","caller":"bluebell/main.go:27","msg":"logger init success。。。"}
{"level":"INFO","time":"2022-10-07T12:32:24.259+0800","caller":"logger/logger.go:78","msg":"/api/v1/login","status":200,"method":"POST","path":"/api/v1/login","query":"","ip":"::1","user-agent":"PostmanRuntime/7.29.2","errors":"","cost":0.0133446}
{"level":"DEBUG","time":"2022-10-07T12:32:37.084+0800","caller":"logic/vote.go:32","msg":"VoteForPost","userID":268932936999374848,"postID":"270844174150930432","direction":1}
{"level":"ERROR","time":"2022-10-07T12:32:37.090+0800","caller":"controller/vote.go:33","msg":"logic.VoteForPost() failed","error":"投票时间已过"}
{"level":"INFO","time":"2022-10-07T12:32:37.091+0800","caller":"logger/logger.go:78","msg":"/api/v1/vote","status":200,"method":"POST","path":"/api/v1/vote","query":"","ip":"::1","user-agent":"PostmanRuntime/7.29.2","errors":"","cost":0.0078992}
{"level":"INFO","time":"2022-10-07T12:44:43.642+0800","caller":"logger/logger.go:78","msg":"/api/v1/login","status":200,"method":"GET","path":"/api/v1/login","query":"","ip":"::1","user-agent":"PostmanRuntime/7.29.2","errors":"","cost":0.0012476}
{"level":"INFO","time":"2022-10-07T12:45:12.484+0800","caller":"logger/logger.go:78","msg":"/api/v1/login","status":200,"method":"POST","path":"/api/v1/login","query":"","ip":"::1","user-agent":"PostmanRuntime/7.29.2","errors":"","cost":0.0173452}
{"level":"INFO","time":"2022-10-07T12:46:46.771+0800","caller":"logger/logger.go:78","msg":"/api/v1/community","status":200,"method":"GET","path":"/api/v1/community","query":"","ip":"::1","user-agent":"PostmanRuntime/7.29.2","errors":"","cost":0.0103799}
{"level":"INFO","time":"2022-10-07T12:47:24.152+0800","caller":"logger/logger.go:78","msg":"/api/v1/post","status":200,"method":"POST","path":"/api/v1/post","query":"","ip":"::1","user-agent":"PostmanRuntime/7.29.2","errors":"","cost":0.0467967}
{"level":"INFO","time":"2022-10-07T12:47:49.388+0800","caller":"logger/logger.go:78","msg":"/api/v1/post/270000372716670976","status":200,"method":"GET","path":"/api/v1/post/270000372716670976","query":"","ip":"::1","user-agent":"PostmanRuntime/7.29.2","errors":"","cost":0.008801}
{"level":"DEBUG","time":"2022-10-07T14:00:17.320+0800","caller":"logic/vote.go:32","msg":"VoteForPost","userID":268932936999374848,"postID":"300129479739576320","direction":1}
{"level":"INFO","time":"2022-10-07T14:00:17.321+0800","caller":"logger/logger.go:78","msg":"/api/v1/vote","status":200,"method":"POST","path":"/api/v1/vote","query":"","ip":"::1","user-agent":"PostmanRuntime/7.29.2","errors":"","cost":0.0019278}
{"level":"INFO","time":"2022-10-07T14:01:36.580+0800","caller":"logger/logger.go:78","msg":"/api/v1/com","status":200,"method":"GET","path":"/api/v1/com","query":"","ip":"::1","user-agent":"PostmanRuntime/7.29.2","errors":"","cost":0.0003749}
{"level":"INFO","time":"2022-10-07T14:01:49.177+0800","caller":"logger/logger.go:78","msg":"/api/v1/community/300129479739576320","status":200,"method":"GET","path":"/api/v1/community/300129479739576320","query":"","ip":"::1","user-agent":"PostmanRuntime/7.29.2","errors":"","cost":0}
{"level":"ERROR","time":"2022-10-07T14:02:12.739+0800","caller":"controller/community.go:35","msg":"logic.GetCommunityList() failed","error":"无效的ID"}
{"level":"INFO","time":"2022-10-07T14:02:12.740+0800","caller":"logger/logger.go:78","msg":"/api/v1/community/300129479739576320","status":200,"method":"GET","path":"/api/v1/community/300129479739576320","query":"","ip":"::1","user-agent":"PostmanRuntime/7.29.2","errors":"","cost":0.0021088}
{"level":"ERROR","time":"2022-10-07T14:02:40.313+0800","caller":"controller/community.go:35","msg":"logic.GetCommunityList() failed","error":"无效的ID"}
{"level":"INFO","time":"2022-10-07T14:02:40.313+0800","caller":"logger/logger.go:78","msg":"/api/v1/community/300129479739576320","status":200,"method":"GET","path":"/api/v1/community/300129479739576320","query":"","ip":"::1","user-agent":"PostmanRuntime/7.29.2","errors":"","cost":0.0023236}
{"level":"INFO","time":"2022-10-07T14:03:17.348+0800","caller":"logger/logger.go:78","msg":"/api/v1/community/1","status":200,"method":"GET","path":"/api/v1/community/1","query":"","ip":"::1","user-agent":"PostmanRuntime/7.29.2","errors":"","cost":0.0027055}
{"level":"DEBUG","time":"2022-10-07T14:16:04.875+0800","caller":"bluebell/main.go:27","msg":"logger init success。。。"}
{"level":"DEBUG","time":"2022-10-07T14:16:05.799+0800","caller":"bluebell/main.go:27","msg":"logger init success。。。"}
{"level":"DEBUG","time":"2022-10-09T20:23:47.904+0800","caller":"bluebell/main.go:27","msg":"logger init success。。。"}
{"level":"DEBUG","time":"2022-10-09T20:24:27.283+0800","caller":"bluebell/main.go:27","msg":"logger init success。。。"}
{"level":"INFO","time":"2022-10-09T20:24:32.124+0800","caller":"logger/logger.go:78","msg":"/api/v1/login","status":200,"method":"POST","path":"/api/v1/login","query":"","ip":"::1","user-agent":"PostmanRuntime/7.29.2","errors":"","cost":0.0883249}
{"level":"INFO","time":"2022-10-09T20:24:43.278+0800","caller":"logger/logger.go:78","msg":"/api/v1/community","status":200,"method":"GET","path":"/api/v1/community","query":"","ip":"::1","user-agent":"PostmanRuntime/7.29.2","errors":"","cost":0.0093299}
{"level":"DEBUG","time":"2022-10-09T20:43:27.692+0800","caller":"bluebell/main.go:27","msg":"logger init success。。。"}
{"level":"INFO","time":"2022-10-09T20:44:27.074+0800","caller":"logger/logger.go:78","msg":"/api/v1/signup","status":200,"method":"POST","path":"/api/v1/signup","query":"","ip":"::1","user-agent":"PostmanRuntime/7.29.2","errors":"","cost":0.0225564}
{"level":"INFO","time":"2022-10-09T20:44:34.462+0800","caller":"logger/logger.go:78","msg":"/api/v1/login","status":200,"method":"POST","path":"/api/v1/login","query":"","ip":"::1","user-agent":"PostmanRuntime/7.29.2","errors":"","cost":0.0008414}
{"level":"INFO","time":"2022-10-09T20:44:53.552+0800","caller":"logger/logger.go:78","msg":"/api/v1/community","status":200,"method":"GET","path":"/api/v1/community","query":"","ip":"::1","user-agent":"PostmanRuntime/7.29.2","errors":"","cost":0.0015707}
{"level":"INFO","time":"2022-10-09T20:45:13.504+0800","caller":"logger/logger.go:78","msg":"/api/v1/community/1","status":200,"method":"GET","path":"/api/v1/community/1","query":"","ip":"::1","user-agent":"PostmanRuntime/7.29.2","errors":"","cost":0.0051212}
{"level":"DEBUG","time":"2022-10-09T20:45:29.118+0800","caller":"logic/vote.go:32","msg":"VoteForPost","userID":268932936999374848,"postID":"300129479739576320","direction":1}
{"level":"ERROR","time":"2022-10-09T20:45:29.121+0800","caller":"controller/vote.go:33","msg":"logic.VoteForPost() failed","error":"不允许重复投票"}
{"level":"INFO","time":"2022-10-09T20:45:29.122+0800","caller":"logger/logger.go:78","msg":"/api/v1/vote","status":200,"method":"POST","path":"/api/v1/vote","query":"","ip":"::1","user-agent":"PostmanRuntime/7.29.2","errors":"","cost":0.0047836}
{"level":"DEBUG","time":"2022-10-10T15:18:45.001+0800","caller":"bluebell/main.go:27","msg":"logger init success。。。"}
{"level":"DEBUG","time":"2022-10-10T15:49:04.599+0800","caller":"bluebell/main.go:27","msg":"logger init success。。。"}
{"level":"DEBUG","time":"2023-03-26T11:06:58.854+0800","caller":"bluebell/main.go:27","msg":"logger init success。。。"}
{"level":"INFO","time":"2023-03-26T11:07:14.742+0800","caller":"logger/logger.go:78","msg":"/api/v1/login","status":200,"method":"POST","path":"/api/v1/login","query":"","ip":"::1","user-agent":"PostmanRuntime/7.29.2","errors":"","cost":0.0455338}
{"level":"INFO","time":"2023-03-26T11:21:53.220+0800","caller":"logger/logger.go:78","msg":"/api/v1/signup","status":200,"method":"POST","path":"/api/v1/signup","query":"","ip":"::1","user-agent":"PostmanRuntime/7.29.2","errors":"","cost":0.0218748}
{"level":"INFO","time":"2023-03-26T13:31:16.397+0800","caller":"logger/logger.go:78","msg":"/api/v1/login","status":200,"method":"POST","path":"/api/v1/login","query":"","ip":"::1","user-agent":"PostmanRuntime/7.29.2","errors":"","cost":0.0087236}
{"level":"DEBUG","time":"2023-03-26T15:26:17.102+0800","caller":"bluebell/main.go:27","msg":"logger init success。。。"}
{"level":"DEBUG","time":"2023-03-26T15:27:12.107+0800","caller":"bluebell/main.go:27","msg":"logger init success。。。"}
{"level":"DEBUG","time":"2023-03-26T15:29:47.665+0800","caller":"bluebell/main.go:27","msg":"logger init success。。。"}
{"level":"DEBUG","time":"2023-03-26T15:30:00.704+0800","caller":"bluebell/main.go:27","msg":"logger init success。。。"}
{"level":"DEBUG","time":"2023-03-26T15:30:25.281+0800","caller":"bluebell/main.go:27","msg":"logger init success。。。"}
{"level":"DEBUG","time":"2023-03-27T10:04:09.593+0800","caller":"bluebell/main.go:27","msg":"logger init success。。。"}
{"level":"INFO","time":"2023-03-27T10:04:19.005+0800","caller":"logger/logger.go:82","msg":"/api/v1/posts","status":200,"method":"GET","path":"/api/v1/posts","query":"size=3&page=1","ip":"::1","user-agent":"PostmanRuntime/7.29.2","errors":"","cost":0.0004429}
{"level":"INFO","time":"2023-03-27T10:04:26.914+0800","caller":"logger/logger.go:82","msg":"/api/v1/login","status":200,"method":"POST","path":"/api/v1/login","query":"","ip":"::1","user-agent":"PostmanRuntime/7.29.2","errors":"","cost":0.0746346}
{"level":"INFO","time":"2023-03-27T10:04:40.212+0800","caller":"logger/logger.go:82","msg":"/api/v1/posts","status":200,"method":"GET","path":"/api/v1/posts","query":"size=3&page=1","ip":"::1","user-agent":"PostmanRuntime/7.29.2","errors":"","cost":0.106708}
{"level":"DEBUG","time":"2023-03-29T09:19:51.936+0800","caller":"bluebell/main.go:27","msg":"logger init success。。。"}
{"level":"DEBUG","time":"2023-03-29T09:56:58.906+0800","caller":"bluebell/main.go:27","msg":"logger init success。。。"}
{"level":"INFO","time":"2023-03-29T09:57:56.764+0800","caller":"logger/logger.go:82","msg":"/debug/pprof/","status":200,"method":"GET","path":"/debug/pprof/","query":"","ip":"127.0.0.1","user-agent":"Mozilla/5.0 (Windows NT 10.0; Win64; x64) AppleWebKit/537.36 (KHTML, like Gecko) Chrome/111.0.0.0 Safari/537.36 Edg/111.0.1661.54","errors":"","cost":0.0006535}
{"level":"INFO","time":"2023-03-29T09:57:56.949+0800","caller":"logger/logger.go:82","msg":"/favicon.ico","status":200,"method":"GET","path":"/favicon.ico","query":"","ip":"127.0.0.1","user-agent":"Mozilla/5.0 (Windows NT 10.0; Win64; x64) AppleWebKit/537.36 (KHTML, like Gecko) Chrome/111.0.0.0 Safari/537.36 Edg/111.0.1661.54","errors":"","cost":0.0009677}
{"level":"INFO","time":"2023-03-29T10:00:01.458+0800","caller":"logger/logger.go:82","msg":"/debug/pprof/profile","status":200,"method":"GET","path":"/debug/pprof/profile","query":"","ip":"127.0.0.1","user-agent":"Go-http-client/1.1","errors":"","cost":30.0038423}
{"level":"DEBUG","time":"2023-03-29T10:07:10.986+0800","caller":"bluebell/main.go:27","msg":"logger init success。。。"}
